0	06:11:19.454	Expert tpCalculator GBPUSD,H1: loaded successfully
0	06:11:25.597	tpCalculator GBPUSD,H1: initialized
0	06:30:42.394	Compiling 'Journal-TakeSnapshot'
0	06:30:47.720	Script Testbed GBPUSD,H1: loaded successfully
0	06:30:47.748	Testbed GBPUSD,H1: initialized
0	06:30:51.316	Testbed GBPUSD,H1: uninit reason 0
0	06:30:51.321	Script Testbed GBPUSD,H1: removed
0	06:30:57.446	Script Testbed GBPUSD,H1: loaded successfully
0	06:30:57.477	Testbed GBPUSD,H1: initialized
0	06:31:01.082	Testbed GBPUSD,H1: uninit reason 0
0	06:31:01.088	Script Testbed GBPUSD,H1: removed
0	06:31:03.887	Script Testbed GBPUSD,H4: loaded successfully
0	06:31:03.906	Testbed GBPUSD,H4: initialized
0	06:31:06.865	Testbed GBPUSD,H4: uninit reason 0
0	06:31:06.869	Script Testbed GBPUSD,H4: removed
0	06:54:24.213	Script Testbed GBPUSD,H1: loaded successfully
0	06:54:24.235	Testbed GBPUSD,H1: initialized
0	06:54:24.241	Testbed GBPUSD,H1: uninit reason 0
0	06:54:24.243	Script Testbed GBPUSD,H1: removed
0	06:58:38.059	tpCalculator GBPUSD,H1: uninit reason 2
0	06:58:38.062	Expert tpCalculator GBPUSD,H1: removed
0	06:58:38.083	Expert tpCalculator GBPUSD,H1: loaded successfully
0	06:58:38.121	tpCalculator GBPUSD,H1: initialized
0	07:06:53.609	Compiling 'tpCalculator'
0	07:06:54.242	tpCalculator GBPUSD,H1: uninit reason 2
0	07:06:54.245	Expert tpCalculator GBPUSD,H1: removed
0	07:06:54.261	Expert tpCalculator GBPUSD,H1: loaded successfully
0	07:06:54.305	tpCalculator GBPUSD,H1: initialized
0	07:06:55.978	Script Testbed GBPUSD,H1: loaded successfully
0	07:06:56.007	Testbed GBPUSD,H1: initialized
0	07:06:56.023	Testbed GBPUSD,H1: uninit reason 0
0	07:06:56.027	Script Testbed GBPUSD,H1: removed
0	07:07:25.955	Script Testbed GBPUSD,H1: loaded successfully
0	07:07:25.988	Testbed GBPUSD,H1: initialized
0	07:07:25.999	Testbed GBPUSD,H1: uninit reason 0
0	07:07:26.004	Script Testbed GBPUSD,H1: removed
0	07:11:59.174	Script Testbed GBPUSD,H1: loaded successfully
0	07:11:59.199	Testbed GBPUSD,H1: initialized
0	07:11:59.211	Testbed GBPUSD,H1: uninit reason 0
0	07:11:59.214	Script Testbed GBPUSD,H1: removed
0	07:59:45.000	Script Testbed GBPUSD,H1: loaded successfully
0	07:59:45.025	Testbed GBPUSD,H1: initialized
0	07:59:45.038	Testbed GBPUSD,H1: uninit reason 0
0	07:59:45.040	Script Testbed GBPUSD,H1: removed
0	08:00:23.551	Script Testbed GBPUSD,H1: loaded successfully
0	08:00:23.576	Testbed GBPUSD,H1: initialized
0	08:00:23.592	Testbed GBPUSD,H1: uninit reason 0
0	08:00:23.595	Script Testbed GBPUSD,H1: removed
0	08:02:03.861	Script Testbed GBPUSD,H1: loaded successfully
0	08:02:03.887	Testbed GBPUSD,H1: initialized
0	08:02:03.887	Testbed GBPUSD,H1: uninit reason 0
0	08:02:03.888	Script Testbed GBPUSD,H1: removed
0	08:02:14.905	Script Testbed GBPUSD,H1: loaded successfully
0	08:02:14.928	Testbed GBPUSD,H1: initialized
0	08:02:17.253	Testbed GBPUSD,H1: uninit reason 0
0	08:02:17.255	Script Testbed GBPUSD,H1: removed
0	08:02:32.720	Script Testbed GBPUSD,H1: loaded successfully
0	08:02:32.744	Testbed GBPUSD,H1: initialized
0	08:02:43.599	Testbed GBPUSD,H1: uninit reason 0
0	08:02:43.603	Script Testbed GBPUSD,H1: removed
0	08:04:03.479	Script Testbed GBPUSD,H1: loaded successfully
0	08:04:03.503	Testbed GBPUSD,H1: initialized
0	08:04:03.504	Testbed GBPUSD,H1: uninit reason 0
0	08:04:03.506	Script Testbed GBPUSD,H1: removed
0	08:09:37.227	Script Journal-TakeSnapshot GBPUSD,H1: loaded successfully
0	08:09:37.248	Journal-TakeSnapshot GBPUSD,H1: initialized
0	08:09:37.260	Journal-TakeSnapshot GBPUSD,H1: uninit reason 0
0	08:09:37.262	Script Journal-TakeSnapshot GBPUSD,H1: removed
0	08:10:36.801	Script Testbed GBPUSD,H1: loaded successfully
0	08:10:36.820	Testbed GBPUSD,H1: initialized
0	08:10:36.821	Testbed GBPUSD,H1: uninit reason 0
0	08:10:36.824	Script Testbed GBPUSD,H1: removed
0	08:10:48.566	Script Testbed GBPUSD,H1: loaded successfully
0	08:10:48.589	Testbed GBPUSD,H1: initialized
0	08:10:48.590	Testbed GBPUSD,H1: uninit reason 0
0	08:10:48.593	Script Testbed GBPUSD,H1: removed
0	08:11:08.536	Script Testbed GBPUSD,H1: loaded successfully
0	08:11:08.557	Testbed GBPUSD,H1: initialized
0	08:11:08.559	Testbed GBPUSD,H1: uninit reason 0
0	08:11:08.563	Script Testbed GBPUSD,H1: removed
0	08:11:36.532	Script Journal-TakeSnapshot GBPUSD,H1: loaded successfully
0	08:11:36.557	Journal-TakeSnapshot GBPUSD,H1: initialized
0	08:11:36.571	Journal-TakeSnapshot GBPUSD,H1: uninit reason 0
0	08:11:36.575	Script Journal-TakeSnapshot GBPUSD,H1: removed
0	08:40:01.425	Script Journal-TakeSnapshot GBPUSD,H1: loaded successfully
0	08:40:01.447	Journal-TakeSnapshot GBPUSD,H1: initialized
0	08:40:01.464	Journal-TakeSnapshot GBPUSD,H1: uninit reason 0
0	08:40:01.467	Script Journal-TakeSnapshot GBPUSD,H1: removed
0	08:40:26.844	Script Testbed GBPUSD,H1: loaded successfully
0	08:40:26.866	Testbed GBPUSD,H1: initialized
0	08:40:26.868	Testbed GBPUSD,H1: uninit reason 0
0	08:40:26.870	Script Testbed GBPUSD,H1: removed
0	08:41:12.792	Script Testbed GBPUSD,H1: loaded successfully
0	08:41:12.818	Testbed GBPUSD,H1: initialized
0	08:41:12.820	Testbed GBPUSD,H1: uninit reason 0
0	08:41:12.822	Script Testbed GBPUSD,H1: removed
0	08:41:56.629	Script Journal-TakeSnapshot GBPUSD,H1: loaded successfully
0	08:41:56.653	Journal-TakeSnapshot GBPUSD,H1: initialized
0	08:41:56.666	Journal-TakeSnapshot GBPUSD,H1: uninit reason 0
0	08:41:56.668	Script Journal-TakeSnapshot GBPUSD,H1: removed
0	08:42:27.341	Script Journal-TakeSnapshot GBPUSD,H1: loaded successfully
0	08:42:27.369	Journal-TakeSnapshot GBPUSD,H1: initialized
0	08:42:27.381	Journal-TakeSnapshot GBPUSD,H1: uninit reason 0
0	08:42:27.384	Script Journal-TakeSnapshot GBPUSD,H1: removed
0	09:19:51.072	tpCalculator GBPUSD,H1: uninit reason 2
0	09:19:51.077	Expert tpCalculator GBPUSD,H1: removed
0	09:19:51.094	Expert tpCalculator GBPUSD,H1: loaded successfully
0	09:19:51.135	tpCalculator GBPUSD,H1: initialized
0	09:28:30.351	Script Management -SetLevels GBPUSD,H1: loaded successfully
0	09:28:30.373	Management -SetLevels GBPUSD,H1: initialized
0	09:28:30.373	Management -SetLevels GBPUSD,H1: uninit reason 0
0	09:28:30.376	Script Management -SetLevels GBPUSD,H1: removed
0	09:28:32.709	Script Orders - PlaceOrder GBPUSD,H1: loaded successfully
0	09:28:32.734	Orders - PlaceOrder GBPUSD,H1: initialized
2	09:28:32.910	Orders - PlaceOrder GBPUSD,H1: open #23817596 buy 5.74 GBPUSD at 1.30242 sl: 1.30139 tp: 1.30535 ok
0	09:28:32.911	Orders - PlaceOrder GBPUSD,H1: uninit reason 0
0	09:28:32.914	Script Orders - PlaceOrder GBPUSD,H1: removed
0	09:29:51.695	Script Orders - PlaceOrder GBPUSD,H1: loaded successfully
0	09:29:51.721	Orders - PlaceOrder GBPUSD,H1: initialized
2	09:29:51.880	Orders - PlaceOrder GBPUSD,H1: open #23817649 buy 5.54 GBPUSD at 1.30246 sl: 1.30139 tp: 1.30535 ok
0	09:29:51.880	Orders - PlaceOrder GBPUSD,H1: uninit reason 0
0	09:29:51.884	Script Orders - PlaceOrder GBPUSD,H1: removed
0	09:30:26.866	Compiling 'Testbed'
0	09:30:31.561	Script Orders-CloseOrder GBPUSD,H1: loaded successfully
0	09:30:31.585	Orders-CloseOrder GBPUSD,H1: initialized
2	09:30:31.786	Orders-CloseOrder GBPUSD,H1: close #23817596 buy 5.74 GBPUSD at 1.30242 sl: 1.30139 tp: 1.30535 at price 1.30238
2	09:30:32.021	Orders-CloseOrder GBPUSD,H1: close #23817649 buy 5.54 GBPUSD at 1.30246 sl: 1.30139 tp: 1.30535 at price 1.30239
0	09:30:32.021	Orders-CloseOrder GBPUSD,H1: uninit reason 0
0	09:30:32.025	Script Orders-CloseOrder GBPUSD,H1: removed
0	09:30:33.934	Script Management -DeleteLevels GBPUSD,H1: loaded successfully
0	09:30:33.955	Management -DeleteLevels GBPUSD,H1: initialized
0	09:30:33.955	Management -DeleteLevels GBPUSD,H1: uninit reason 0
0	09:30:33.959	Script Management -DeleteLevels GBPUSD,H1: removed
0	09:30:34.920	Script Management -SetLevels GBPUSD,H1: loaded successfully
0	09:30:34.943	Management -SetLevels GBPUSD,H1: initialized
0	09:30:34.943	Management -SetLevels GBPUSD,H1: uninit reason 0
0	09:30:34.944	Script Management -SetLevels GBPUSD,H1: removed
0	09:30:36.802	Script Orders - PlaceOrder GBPUSD,H1: loaded successfully
0	09:30:36.825	Orders - PlaceOrder GBPUSD,H1: initialized
2	09:30:37.021	Orders - PlaceOrder GBPUSD,H1: open #23817733 buy 5.73 GBPUSD at 1.30265 sl: 1.30162 tp: 1.30558 ok
0	09:30:37.021	Orders - PlaceOrder GBPUSD,H1: uninit reason 0
0	09:30:37.025	Script Orders - PlaceOrder GBPUSD,H1: removed
0	09:30:50.256	Script Orders-CloseOrder GBPUSD,H1: loaded successfully
0	09:30:50.277	Orders-CloseOrder GBPUSD,H1: initialized
2	09:30:50.489	Orders-CloseOrder GBPUSD,H1: close #23817733 buy 5.73 GBPUSD at 1.30265 sl: 1.30162 tp: 1.30558 at price 1.30253
0	09:30:50.490	Orders-CloseOrder GBPUSD,H1: uninit reason 0
0	09:30:50.493	Script Orders-CloseOrder GBPUSD,H1: removed
0	09:30:59.683	Script Management -SetLevels GBPUSD,H1: loaded successfully
0	09:30:59.707	Management -SetLevels GBPUSD,H1: initialized
0	09:30:59.707	Management -SetLevels GBPUSD,H1: uninit reason 0
0	09:30:59.710	Script Management -SetLevels GBPUSD,H1: removed
0	09:31:02.099	Script Orders - PlaceOrder GBPUSD,H1: loaded successfully
0	09:31:02.123	Orders - PlaceOrder GBPUSD,H1: initialized
2	09:31:02.363	Orders - PlaceOrder GBPUSD,H1: open #23817766 buy 6.04 GBPUSD at 1.30275 sl: 1.30178 tp: 1.30550 ok
0	09:31:02.364	Orders - PlaceOrder GBPUSD,H1: uninit reason 0
0	09:31:02.366	Script Orders - PlaceOrder GBPUSD,H1: removed
0	09:33:31.019	tpCalculator GBPUSD,H1: uninit reason 9
0	09:33:31.191	Expert tpCalculator GBPUSD,H1: removed
