0	09:30:16.453	Compiling 'Moving Average'
0	09:30:17.209	Compiling 'Accumulation'
0	09:30:17.209	Compiling 'Alligator'
0	09:30:17.209	Compiling 'ATR'
0	09:30:17.209	Compiling 'Awesome'
0	09:30:17.209	Compiling 'Bands'
0	09:30:17.209	Compiling 'Bears'
0	09:30:17.209	Compiling 'Bulls'
0	09:30:17.209	Compiling 'CCI'
0	09:30:17.209	Compiling 'Custom Moving Averages'
0	09:30:17.209	Compiling 'Heiken Ashi'
0	09:30:17.209	Compiling 'Ichimoku'
0	09:30:17.209	Compiling 'MACD'
0	09:30:17.209	Compiling 'Momentum'
0	09:30:17.209	Compiling 'test'
0	09:30:22.276	Compiling 'Management -SetLevels'
0	09:30:22.276	Compiling 'Orders - PlaceOrder'
0	09:30:22.276	Compiling 'PeriodConverter'
0	09:30:22.276	Compiling 'tewst'
0	09:30:22.276	Compiling 'DLLSampleTester'
0	09:30:22.276	Compiling 'PipeClient'
0	09:30:25.516	Expert tpCalculator EURUSD,H1: loaded successfully
