0	17:49:25.522	Compiling 'position_sizing'
0	17:49:27.841	Custom indicator Pivots_Monthly EURUSD,H1: loaded successfully
0	17:49:27.934	Custom indicator Pivots_Daily EURUSD,H1: loaded successfully
0	17:49:28.031	Custom indicator Pivots_Daily_Medians EURUSD,H1: loaded successfully
0	17:49:28.125	Custom indicator Pivots_Weekly EURUSD,H1: loaded successfully
0	17:49:28.218	Custom indicator Pivots_Weekly_Medians EURUSD,H1: loaded successfully
0	17:49:28.316	Custom indicator Knight Timer EURUSD,H1: loaded successfully
0	17:49:28.414	Custom indicator Knight MAs v3 EURUSD,H1: loaded successfully
0	17:49:28.518	Custom indicator Knight Tunnel v3 EURUSD,H1: loaded successfully
0	17:49:28.613	Custom indicator Knight Lines FX EURUSD,H1: loaded successfully
0	17:49:28.705	Custom indicator Knight OsMA EURUSD,H1: loaded successfully
0	17:49:28.798	Custom indicator Knight DoubleStochs EURUSD,H1: loaded successfully
0	17:49:28.888	Custom indicator Stochastic EURUSD,H1: loaded successfully
0	17:49:28.910	Expert tpCalculator EURUSD,H1: loaded successfully
0	17:49:28.927	Pivots_Monthly EURUSD,H1: initialized
0	17:49:28.928	Pivots_Daily EURUSD,H1: initialized
0	17:49:28.928	Pivots_Daily_Medians EURUSD,H1: initialized
0	17:49:28.928	Pivots_Weekly EURUSD,H1: initialized
0	17:49:28.928	Pivots_Weekly_Medians EURUSD,H1: initialized
0	17:49:28.928	Knight Timer EURUSD,H1: initialized
0	17:49:29.021	Library YRPLib EURUSD,H1: loaded successfully
0	17:49:29.021	Knight MAs v3 EURUSD,H1: initialized
0	17:49:29.021	Knight Tunnel v3 EURUSD,H1: initialized
0	17:49:29.021	Knight Lines FX EURUSD,H1: initialized
0	17:49:29.021	Knight OsMA EURUSD,H1: initialized
0	17:49:29.111	Library YRPLib EURUSD,H1: loaded successfully
0	17:49:29.111	Knight DoubleStochs EURUSD,H1: initialized
0	17:49:29.111	Stochastic EURUSD,H1: initialized
0	17:49:29.112	Pivots_Daily EURUSD,H1: 0
0	17:49:29.112	Pivots_Daily EURUSD,H1: ObjectSet Done
0	17:49:29.112	Pivots_Daily EURUSD,H1: ObjectMove Done
0	17:49:29.112	Pivots_Daily EURUSD,H1: ObjectsRedraw Done
0	17:49:29.121	Pivots_Daily_Medians EURUSD,H1: 0
0	17:49:29.121	Pivots_Daily_Medians EURUSD,H1: ObjectSet Done
0	17:49:29.121	Pivots_Daily_Medians EURUSD,H1: ObjectMove Done
0	17:49:29.121	Pivots_Daily_Medians EURUSD,H1: ObjectsRedraw Done
0	17:49:31.962	Pivots_Daily EURUSD,H1: 0
0	17:49:31.962	Pivots_Daily EURUSD,H1: ObjectSet Done
0	17:49:31.962	Pivots_Daily EURUSD,H1: ObjectMove Done
0	17:49:31.962	Pivots_Daily EURUSD,H1: ObjectsRedraw Done
0	17:49:31.962	Pivots_Daily_Medians EURUSD,H1: 0
0	17:49:31.962	Pivots_Daily_Medians EURUSD,H1: ObjectSet Done
0	17:49:31.962	Pivots_Daily_Medians EURUSD,H1: ObjectMove Done
0	17:49:31.962	Pivots_Daily_Medians EURUSD,H1: ObjectsRedraw Done
0	17:49:34.380	Pivots_Daily EURUSD,H1: 0
0	17:49:34.380	Pivots_Daily EURUSD,H1: ObjectSet Done
0	17:49:34.380	Pivots_Daily EURUSD,H1: ObjectMove Done
0	17:49:34.380	Pivots_Daily EURUSD,H1: ObjectsRedraw Done
0	17:49:34.387	Pivots_Daily_Medians EURUSD,H1: 0
0	17:49:34.387	Pivots_Daily_Medians EURUSD,H1: ObjectSet Done
0	17:49:34.387	Pivots_Daily_Medians EURUSD,H1: ObjectMove Done
0	17:49:34.387	Pivots_Daily_Medians EURUSD,H1: ObjectsRedraw Done
0	17:49:34.583	Pivots_Daily EURUSD,H1: 0
0	17:49:34.583	Pivots_Daily EURUSD,H1: ObjectSet Done
0	17:49:34.583	Pivots_Daily EURUSD,H1: ObjectMove Done
0	17:49:34.583	Pivots_Daily EURUSD,H1: ObjectsRedraw Done
0	17:49:34.583	Pivots_Daily_Medians EURUSD,H1: 0
0	17:49:34.583	Pivots_Daily_Medians EURUSD,H1: ObjectSet Done
0	17:49:34.583	Pivots_Daily_Medians EURUSD,H1: ObjectMove Done
0	17:49:34.583	Pivots_Daily_Medians EURUSD,H1: ObjectsRedraw Done
0	17:49:34.583	Pivots_Daily EURUSD,H1: 0
0	17:49:34.583	Pivots_Daily EURUSD,H1: ObjectSet Done
0	17:49:34.583	Pivots_Daily EURUSD,H1: ObjectMove Done
0	17:49:34.583	Pivots_Daily EURUSD,H1: ObjectsRedraw Done
0	17:49:34.583	Pivots_Daily_Medians EURUSD,H1: 0
0	17:49:34.583	Pivots_Daily_Medians EURUSD,H1: ObjectSet Done
0	17:49:34.583	Pivots_Daily_Medians EURUSD,H1: ObjectMove Done
0	17:49:34.583	Pivots_Daily_Medians EURUSD,H1: ObjectsRedraw Done
0	17:49:34.583	Pivots_Daily EURUSD,H1: 0
0	17:49:34.584	Pivots_Daily EURUSD,H1: ObjectSet Done
0	17:49:34.584	Pivots_Daily EURUSD,H1: ObjectMove Done
0	17:49:34.584	Pivots_Daily EURUSD,H1: ObjectsRedraw Done
0	17:49:34.584	Pivots_Daily_Medians EURUSD,H1: 0
0	17:49:34.584	Pivots_Daily_Medians EURUSD,H1: ObjectSet Done
0	17:49:34.584	Pivots_Daily_Medians EURUSD,H1: ObjectMove Done
0	17:49:34.584	Pivots_Daily_Medians EURUSD,H1: ObjectsRedraw Done
0	17:49:34.584	Pivots_Daily EURUSD,H1: 0
0	17:49:34.584	Pivots_Daily EURUSD,H1: ObjectSet Done
0	17:49:34.584	Pivots_Daily EURUSD,H1: ObjectMove Done
0	17:49:34.584	Pivots_Daily EURUSD,H1: ObjectsRedraw Done
0	17:49:34.584	Pivots_Daily_Medians EURUSD,H1: 0
0	17:49:34.584	Pivots_Daily_Medians EURUSD,H1: ObjectSet Done
0	17:49:34.584	Pivots_Daily_Medians EURUSD,H1: ObjectMove Done
0	17:49:34.584	Pivots_Daily_Medians EURUSD,H1: ObjectsRedraw Done
0	17:49:34.584	Pivots_Daily EURUSD,H1: 0
0	17:49:34.584	Pivots_Daily EURUSD,H1: ObjectSet Done
0	17:49:34.584	Pivots_Daily EURUSD,H1: ObjectMove Done
0	17:49:34.584	Pivots_Daily EURUSD,H1: ObjectsRedraw Done
0	17:49:34.584	Pivots_Daily_Medians EURUSD,H1: 0
0	17:49:34.584	Pivots_Daily_Medians EURUSD,H1: ObjectSet Done
0	17:49:34.584	Pivots_Daily_Medians EURUSD,H1: ObjectMove Done
0	17:49:34.584	Pivots_Daily_Medians EURUSD,H1: ObjectsRedraw Done
0	17:49:34.584	Pivots_Daily EURUSD,H1: 0
0	17:49:34.584	Pivots_Daily EURUSD,H1: ObjectSet Done
0	17:49:34.584	Pivots_Daily EURUSD,H1: ObjectMove Done
0	17:49:34.584	Pivots_Daily EURUSD,H1: ObjectsRedraw Done
0	17:49:34.584	Pivots_Daily_Medians EURUSD,H1: 0
0	17:49:34.584	Pivots_Daily_Medians EURUSD,H1: ObjectSet Done
0	17:49:34.584	Pivots_Daily_Medians EURUSD,H1: ObjectMove Done
0	17:49:34.584	Pivots_Daily_Medians EURUSD,H1: ObjectsRedraw Done
0	17:49:34.616	tpCalculator EURUSD,H1: initialized
0	17:49:55.906	Pivots_Daily EURUSD,H1: 0
0	17:49:55.906	Pivots_Daily EURUSD,H1: ObjectSet Done
0	17:49:55.906	Pivots_Daily EURUSD,H1: ObjectMove Done
0	17:49:55.906	Pivots_Daily EURUSD,H1: ObjectsRedraw Done
0	17:49:55.906	Pivots_Daily_Medians EURUSD,H1: 0
0	17:49:55.906	Pivots_Daily_Medians EURUSD,H1: ObjectSet Done
0	17:49:55.906	Pivots_Daily_Medians EURUSD,H1: ObjectMove Done
0	17:49:55.906	Pivots_Daily_Medians EURUSD,H1: ObjectsRedraw Done
0	17:49:56.606	Pivots_Daily EURUSD,H1: 0
0	17:49:56.606	Pivots_Daily EURUSD,H1: ObjectSet Done
0	17:49:56.606	Pivots_Daily EURUSD,H1: ObjectMove Done
0	17:49:56.606	Pivots_Daily EURUSD,H1: ObjectsRedraw Done
0	17:49:56.614	Pivots_Daily_Medians EURUSD,H1: 0
0	17:49:56.614	Pivots_Daily_Medians EURUSD,H1: ObjectSet Done
0	17:49:56.614	Pivots_Daily_Medians EURUSD,H1: ObjectMove Done
0	17:49:56.614	Pivots_Daily_Medians EURUSD,H1: ObjectsRedraw Done
0	17:49:56.826	Pivots_Daily EURUSD,H1: 0
0	17:49:56.826	Pivots_Daily EURUSD,H1: ObjectSet Done
0	17:49:56.826	Pivots_Daily EURUSD,H1: ObjectMove Done
0	17:49:56.826	Pivots_Daily EURUSD,H1: ObjectsRedraw Done
0	17:49:56.826	Pivots_Daily_Medians EURUSD,H1: 0
0	17:49:56.826	Pivots_Daily_Medians EURUSD,H1: ObjectSet Done
0	17:49:56.826	Pivots_Daily_Medians EURUSD,H1: ObjectMove Done
0	17:49:56.826	Pivots_Daily_Medians EURUSD,H1: ObjectsRedraw Done
0	17:49:56.826	Pivots_Daily EURUSD,H1: 0
0	17:49:56.826	Pivots_Daily EURUSD,H1: ObjectSet Done
0	17:49:56.826	Pivots_Daily EURUSD,H1: ObjectMove Done
0	17:49:56.826	Pivots_Daily EURUSD,H1: ObjectsRedraw Done
0	17:49:56.826	Pivots_Daily_Medians EURUSD,H1: 0
0	17:49:56.826	Pivots_Daily_Medians EURUSD,H1: ObjectSet Done
0	17:49:56.826	Pivots_Daily_Medians EURUSD,H1: ObjectMove Done
0	17:49:56.827	Pivots_Daily_Medians EURUSD,H1: ObjectsRedraw Done
0	17:52:05.923	Script position_sizing EURUSD,H1: loaded successfully
0	17:52:05.969	position_sizing EURUSD,H1: initialized
0	17:52:15.515	position_sizing EURUSD,H1: uninit reason 0
0	17:52:15.579	Script position_sizing EURUSD,H1: removed
0	17:53:14.044	Script position_sizing EURUSD,H1: loaded successfully
0	17:53:14.110	position_sizing EURUSD,H1: initialized
0	17:53:16.276	position_sizing EURUSD,H1: uninit reason 0
0	17:53:16.335	Script position_sizing EURUSD,H1: removed
0	17:53:39.384	Script position_sizing EURUSD,H1: loaded successfully
0	17:53:39.442	position_sizing EURUSD,H1: initialized
0	17:53:40.816	position_sizing EURUSD,H1: uninit reason 0
0	17:53:40.864	Script position_sizing EURUSD,H1: removed
0	17:53:45.464	Script position_sizing EURUSD,H1: loaded successfully
0	17:53:45.513	position_sizing EURUSD,H1: initialized
0	17:53:47.037	position_sizing EURUSD,H1: uninit reason 0
0	17:53:47.125	Script position_sizing EURUSD,H1: removed
0	17:54:05.922	Script position_sizing EURUSD,H1: loaded successfully
0	17:54:05.987	position_sizing EURUSD,H1: initialized
0	17:54:07.522	position_sizing EURUSD,H1: uninit reason 0
0	17:54:07.595	Script position_sizing EURUSD,H1: removed
0	17:54:24.952	Script position_sizing EURUSD,H1: loaded successfully
0	17:54:25.000	position_sizing EURUSD,H1: initialized
0	17:54:26.276	position_sizing EURUSD,H1: uninit reason 0
0	17:54:26.347	Script position_sizing EURUSD,H1: removed
0	17:54:34.238	Script position_sizing EURUSD,H1: loaded successfully
0	17:54:34.281	position_sizing EURUSD,H1: initialized
0	17:54:35.213	position_sizing EURUSD,H1: uninit reason 0
0	17:54:35.286	Script position_sizing EURUSD,H1: removed
0	17:54:41.082	Script position_sizing EURUSD,H1: loaded successfully
0	17:54:41.136	position_sizing EURUSD,H1: initialized
0	17:54:43.029	position_sizing EURUSD,H1: uninit reason 0
0	17:54:43.074	Script position_sizing EURUSD,H1: removed
0	17:54:50.850	Script position_sizing EURUSD,H1: loaded successfully
0	17:54:50.901	position_sizing EURUSD,H1: initialized
0	17:54:53.204	position_sizing EURUSD,H1: uninit reason 0
0	17:54:53.271	Script position_sizing EURUSD,H1: removed
0	17:56:30.970	Script position_sizing EURUSD,H1: loaded successfully
0	17:56:31.005	position_sizing EURUSD,H1: initialized
0	17:56:32.197	position_sizing EURUSD,H1: uninit reason 0
0	17:56:32.239	Script position_sizing EURUSD,H1: removed
0	17:58:15.088	Script position_sizing EURUSD,H1: loaded successfully
0	17:58:15.130	position_sizing EURUSD,H1: initialized
0	17:58:18.187	position_sizing EURUSD,H1: uninit reason 0
0	17:58:18.244	Script position_sizing EURUSD,H1: removed
0	17:58:28.417	Script position_sizing EURUSD,H1: loaded successfully
0	17:58:28.453	position_sizing EURUSD,H1: initialized
0	17:58:31.541	position_sizing EURUSD,H1: uninit reason 0
0	17:58:31.599	Script position_sizing EURUSD,H1: removed
0	17:58:40.251	Script position_sizing EURUSD,H1: loaded successfully
0	17:58:40.333	position_sizing EURUSD,H1: initialized
0	17:58:44.390	position_sizing EURUSD,H1: uninit reason 0
0	17:58:44.429	Script position_sizing EURUSD,H1: removed
0	18:00:13.970	Script position_sizing EURUSD,H1: loaded successfully
0	18:00:14.037	position_sizing EURUSD,H1: initialized
0	18:00:27.843	position_sizing EURUSD,H1: uninit reason 0
0	18:00:27.864	Script position_sizing EURUSD,H1: removed
0	18:00:44.395	Script position_sizing EURUSD,H1: loaded successfully
0	18:00:44.457	position_sizing EURUSD,H1: initialized
0	18:00:47.707	position_sizing EURUSD,H1: uninit reason 0
0	18:00:47.810	Script position_sizing EURUSD,H1: removed
0	18:03:09.981	Script position_sizing EURUSD,H1: loaded successfully
0	18:03:10.034	position_sizing EURUSD,H1: initialized
0	18:03:18.399	position_sizing EURUSD,H1: uninit reason 0
0	18:03:18.446	Script position_sizing EURUSD,H1: removed
0	18:04:51.599	Script position_sizing EURUSD,H1: loaded successfully
0	18:04:51.652	position_sizing EURUSD,H1: initialized
0	18:04:54.759	position_sizing EURUSD,H1: uninit reason 0
0	18:04:54.838	Script position_sizing EURUSD,H1: removed
0	18:05:10.540	Script position_sizing EURUSD,H1: loaded successfully
0	18:05:10.585	position_sizing EURUSD,H1: initialized
0	18:05:11.841	position_sizing EURUSD,H1: uninit reason 0
0	18:05:11.901	Script position_sizing EURUSD,H1: removed
0	18:05:31.091	Script position_sizing EURUSD,H1: loaded successfully
0	18:05:31.146	position_sizing EURUSD,H1: initialized
0	18:05:32.627	position_sizing EURUSD,H1: uninit reason 0
0	18:05:32.683	Script position_sizing EURUSD,H1: removed
0	18:08:35.889	Script position_sizing EURUSD,H1: loaded successfully
0	18:08:35.946	position_sizing EURUSD,H1: initialized
0	18:08:37.450	position_sizing EURUSD,H1: uninit reason 0
0	18:08:37.508	Script position_sizing EURUSD,H1: removed
0	18:09:16.179	Script position_sizing EURUSD,H1: loaded successfully
0	18:09:16.224	position_sizing EURUSD,H1: initialized
0	18:09:17.912	position_sizing EURUSD,H1: uninit reason 0
0	18:09:17.963	Script position_sizing EURUSD,H1: removed
0	18:09:32.250	Script position_sizing EURUSD,H1: loaded successfully
0	18:09:32.316	position_sizing EURUSD,H1: initialized
0	18:09:34.204	position_sizing EURUSD,H1: uninit reason 0
0	18:09:34.250	Script position_sizing EURUSD,H1: removed
0	18:10:18.487	Script position_sizing EURUSD,H1: loaded successfully
0	18:10:18.549	position_sizing EURUSD,H1: initialized
0	18:10:19.684	position_sizing EURUSD,H1: uninit reason 0
0	18:10:19.724	Script position_sizing EURUSD,H1: removed
0	18:11:42.058	Script position_sizing EURUSD,H1: loaded successfully
0	18:11:42.131	position_sizing EURUSD,H1: initialized
0	18:11:43.496	position_sizing EURUSD,H1: uninit reason 0
0	18:11:43.554	Script position_sizing EURUSD,H1: removed
