0	16:58:42.557	Compiling 'position_sizing'
0	16:58:45.916	Custom indicator Pivots_Monthly EURUSD,H1: loaded successfully
0	16:58:46.033	Custom indicator Pivots_Daily EURUSD,H1: loaded successfully
0	16:58:46.163	Custom indicator Pivots_Daily_Medians EURUSD,H1: loaded successfully
0	16:58:46.282	Custom indicator Pivots_Weekly EURUSD,H1: loaded successfully
0	16:58:46.407	Custom indicator Pivots_Weekly_Medians EURUSD,H1: loaded successfully
0	16:58:46.543	Custom indicator Knight Timer EURUSD,H1: loaded successfully
0	16:58:46.657	Custom indicator Knight MAs v3 EURUSD,H1: loaded successfully
0	16:58:46.779	Custom indicator Knight Tunnel v3 EURUSD,H1: loaded successfully
0	16:58:46.893	Custom indicator Knight Lines FX EURUSD,H1: loaded successfully
0	16:58:47.012	Custom indicator Knight OsMA EURUSD,H1: loaded successfully
0	16:58:47.131	Custom indicator Knight DoubleStochs EURUSD,H1: loaded successfully
0	16:58:47.245	Custom indicator Stochastic EURUSD,H1: loaded successfully
0	16:58:47.271	Expert tpCalculator EURUSD,H1: loaded successfully
0	16:58:47.314	Pivots_Monthly EURUSD,H1: initialized
0	16:58:47.314	Pivots_Daily EURUSD,H1: initialized
0	16:58:47.314	Pivots_Daily_Medians EURUSD,H1: initialized
0	16:58:47.314	Pivots_Weekly EURUSD,H1: initialized
0	16:58:47.315	Pivots_Weekly_Medians EURUSD,H1: initialized
0	16:58:47.315	Knight Timer EURUSD,H1: initialized
0	16:58:47.424	Library YRPLib EURUSD,H1: loaded successfully
0	16:58:47.424	Knight MAs v3 EURUSD,H1: initialized
0	16:58:47.424	Knight Tunnel v3 EURUSD,H1: initialized
0	16:58:47.424	Knight Lines FX EURUSD,H1: initialized
0	16:58:47.424	Knight OsMA EURUSD,H1: initialized
0	16:58:47.551	Library YRPLib EURUSD,H1: loaded successfully
0	16:58:47.551	Knight DoubleStochs EURUSD,H1: initialized
0	16:58:47.551	Stochastic EURUSD,H1: initialized
0	16:58:47.552	Pivots_Daily EURUSD,H1: 0
0	16:58:47.552	Pivots_Daily EURUSD,H1: ObjectSet Done
0	16:58:47.552	Pivots_Daily EURUSD,H1: ObjectMove Done
0	16:58:47.552	Pivots_Daily EURUSD,H1: ObjectsRedraw Done
0	16:58:47.563	Pivots_Daily_Medians EURUSD,H1: 0
0	16:58:47.563	Pivots_Daily_Medians EURUSD,H1: ObjectSet Done
0	16:58:47.563	Pivots_Daily_Medians EURUSD,H1: ObjectMove Done
0	16:58:47.563	Pivots_Daily_Medians EURUSD,H1: ObjectsRedraw Done
0	16:58:50.255	Pivots_Daily EURUSD,H1: 0
0	16:58:50.255	Pivots_Daily EURUSD,H1: ObjectSet Done
0	16:58:50.255	Pivots_Daily EURUSD,H1: ObjectMove Done
0	16:58:50.255	Pivots_Daily EURUSD,H1: ObjectsRedraw Done
0	16:58:50.255	Pivots_Daily_Medians EURUSD,H1: 0
0	16:58:50.255	Pivots_Daily_Medians EURUSD,H1: ObjectSet Done
0	16:58:50.255	Pivots_Daily_Medians EURUSD,H1: ObjectMove Done
0	16:58:50.255	Pivots_Daily_Medians EURUSD,H1: ObjectsRedraw Done
0	16:58:52.697	Pivots_Daily EURUSD,H1: 0
0	16:58:52.697	Pivots_Daily EURUSD,H1: ObjectSet Done
0	16:58:52.698	Pivots_Daily EURUSD,H1: ObjectMove Done
0	16:58:52.698	Pivots_Daily EURUSD,H1: ObjectsRedraw Done
0	16:58:52.708	Pivots_Daily_Medians EURUSD,H1: 0
0	16:58:52.708	Pivots_Daily_Medians EURUSD,H1: ObjectSet Done
0	16:58:52.708	Pivots_Daily_Medians EURUSD,H1: ObjectMove Done
0	16:58:52.708	Pivots_Daily_Medians EURUSD,H1: ObjectsRedraw Done
0	16:58:52.990	Pivots_Daily EURUSD,H1: 0
0	16:58:52.990	Pivots_Daily EURUSD,H1: ObjectSet Done
0	16:58:52.990	Pivots_Daily EURUSD,H1: ObjectMove Done
0	16:58:52.990	Pivots_Daily EURUSD,H1: ObjectsRedraw Done
0	16:58:52.990	Pivots_Daily_Medians EURUSD,H1: 0
0	16:58:52.990	Pivots_Daily_Medians EURUSD,H1: ObjectSet Done
0	16:58:52.990	Pivots_Daily_Medians EURUSD,H1: ObjectMove Done
0	16:58:52.990	Pivots_Daily_Medians EURUSD,H1: ObjectsRedraw Done
0	16:58:52.991	Pivots_Daily EURUSD,H1: 0
0	16:58:52.991	Pivots_Daily EURUSD,H1: ObjectSet Done
0	16:58:52.991	Pivots_Daily EURUSD,H1: ObjectMove Done
0	16:58:52.991	Pivots_Daily EURUSD,H1: ObjectsRedraw Done
0	16:58:52.991	Pivots_Daily_Medians EURUSD,H1: 0
0	16:58:52.991	Pivots_Daily_Medians EURUSD,H1: ObjectSet Done
0	16:58:52.991	Pivots_Daily_Medians EURUSD,H1: ObjectMove Done
0	16:58:52.991	Pivots_Daily_Medians EURUSD,H1: ObjectsRedraw Done
0	16:58:52.993	Pivots_Daily EURUSD,H1: 0
0	16:58:52.993	Pivots_Daily EURUSD,H1: ObjectSet Done
0	16:58:52.993	Pivots_Daily EURUSD,H1: ObjectMove Done
0	16:58:52.993	Pivots_Daily EURUSD,H1: ObjectsRedraw Done
0	16:58:52.993	Pivots_Daily_Medians EURUSD,H1: 0
0	16:58:52.993	Pivots_Daily_Medians EURUSD,H1: ObjectSet Done
0	16:58:52.993	Pivots_Daily_Medians EURUSD,H1: ObjectMove Done
0	16:58:52.993	Pivots_Daily_Medians EURUSD,H1: ObjectsRedraw Done
0	16:58:52.993	Pivots_Daily EURUSD,H1: 0
0	16:58:52.993	Pivots_Daily EURUSD,H1: ObjectSet Done
0	16:58:52.993	Pivots_Daily EURUSD,H1: ObjectMove Done
0	16:58:52.993	Pivots_Daily EURUSD,H1: ObjectsRedraw Done
0	16:58:52.993	Pivots_Daily_Medians EURUSD,H1: 0
0	16:58:52.993	Pivots_Daily_Medians EURUSD,H1: ObjectSet Done
0	16:58:52.993	Pivots_Daily_Medians EURUSD,H1: ObjectMove Done
0	16:58:52.993	Pivots_Daily_Medians EURUSD,H1: ObjectsRedraw Done
0	16:58:52.993	Pivots_Daily EURUSD,H1: 0
0	16:58:52.993	Pivots_Daily EURUSD,H1: ObjectSet Done
0	16:58:52.993	Pivots_Daily EURUSD,H1: ObjectMove Done
0	16:58:52.993	Pivots_Daily EURUSD,H1: ObjectsRedraw Done
0	16:58:52.993	Pivots_Daily_Medians EURUSD,H1: 0
0	16:58:52.993	Pivots_Daily_Medians EURUSD,H1: ObjectSet Done
0	16:58:52.993	Pivots_Daily_Medians EURUSD,H1: ObjectMove Done
0	16:58:52.993	Pivots_Daily_Medians EURUSD,H1: ObjectsRedraw Done
0	16:58:52.993	Pivots_Daily EURUSD,H1: 0
0	16:58:52.993	Pivots_Daily EURUSD,H1: ObjectSet Done
0	16:58:52.993	Pivots_Daily EURUSD,H1: ObjectMove Done
0	16:58:52.993	Pivots_Daily EURUSD,H1: ObjectsRedraw Done
0	16:58:52.993	Pivots_Daily_Medians EURUSD,H1: 0
0	16:58:52.993	Pivots_Daily_Medians EURUSD,H1: ObjectSet Done
0	16:58:52.993	Pivots_Daily_Medians EURUSD,H1: ObjectMove Done
0	16:58:52.993	Pivots_Daily_Medians EURUSD,H1: ObjectsRedraw Done
0	16:58:53.035	tpCalculator EURUSD,H1: initialized
0	16:58:53.165	Pivots_Daily EURUSD,H1: 0
0	16:58:53.165	Pivots_Daily EURUSD,H1: ObjectSet Done
0	16:58:53.165	Pivots_Daily EURUSD,H1: ObjectMove Done
0	16:58:53.165	Pivots_Daily EURUSD,H1: ObjectsRedraw Done
0	16:58:53.165	Pivots_Daily_Medians EURUSD,H1: 0
0	16:58:53.165	Pivots_Daily_Medians EURUSD,H1: ObjectSet Done
0	16:58:53.165	Pivots_Daily_Medians EURUSD,H1: ObjectMove Done
0	16:58:53.165	Pivots_Daily_Medians EURUSD,H1: ObjectsRedraw Done
0	16:58:53.830	Pivots_Daily EURUSD,H1: 0
0	16:58:53.830	Pivots_Daily EURUSD,H1: ObjectSet Done
0	16:58:53.830	Pivots_Daily EURUSD,H1: ObjectMove Done
0	16:58:53.830	Pivots_Daily EURUSD,H1: ObjectsRedraw Done
0	16:58:53.830	Pivots_Daily_Medians EURUSD,H1: 0
0	16:58:53.830	Pivots_Daily_Medians EURUSD,H1: ObjectSet Done
0	16:58:53.830	Pivots_Daily_Medians EURUSD,H1: ObjectMove Done
0	16:58:53.830	Pivots_Daily_Medians EURUSD,H1: ObjectsRedraw Done
0	16:58:54.148	Pivots_Daily EURUSD,H1: 0
0	16:58:54.149	Pivots_Daily EURUSD,H1: ObjectSet Done
0	16:58:54.149	Pivots_Daily EURUSD,H1: ObjectMove Done
0	16:58:54.149	Pivots_Daily EURUSD,H1: ObjectsRedraw Done
0	16:58:54.149	Pivots_Daily_Medians EURUSD,H1: 0
0	16:58:54.149	Pivots_Daily_Medians EURUSD,H1: ObjectSet Done
0	16:58:54.149	Pivots_Daily_Medians EURUSD,H1: ObjectMove Done
0	16:58:54.149	Pivots_Daily_Medians EURUSD,H1: ObjectsRedraw Done
0	16:58:54.284	Pivots_Daily EURUSD,H1: 0
0	16:58:54.284	Pivots_Daily EURUSD,H1: ObjectSet Done
0	16:58:54.284	Pivots_Daily EURUSD,H1: ObjectMove Done
0	16:58:54.284	Pivots_Daily EURUSD,H1: ObjectsRedraw Done
0	16:58:54.284	Pivots_Daily_Medians EURUSD,H1: 0
0	16:58:54.284	Pivots_Daily_Medians EURUSD,H1: ObjectSet Done
0	16:58:54.284	Pivots_Daily_Medians EURUSD,H1: ObjectMove Done
0	16:58:54.284	Pivots_Daily_Medians EURUSD,H1: ObjectsRedraw Done
0	16:58:54.345	Pivots_Daily EURUSD,H1: 0
0	16:58:54.345	Pivots_Daily EURUSD,H1: ObjectSet Done
0	16:58:54.345	Pivots_Daily EURUSD,H1: ObjectMove Done
0	16:58:54.345	Pivots_Daily EURUSD,H1: ObjectsRedraw Done
0	16:58:54.346	Pivots_Daily_Medians EURUSD,H1: 0
0	16:58:54.346	Pivots_Daily_Medians EURUSD,H1: ObjectSet Done
0	16:58:54.346	Pivots_Daily_Medians EURUSD,H1: ObjectMove Done
0	16:58:54.346	Pivots_Daily_Medians EURUSD,H1: ObjectsRedraw Done
0	16:58:54.410	Pivots_Daily EURUSD,H1: 0
0	16:58:54.410	Pivots_Daily EURUSD,H1: ObjectSet Done
0	16:58:54.410	Pivots_Daily EURUSD,H1: ObjectMove Done
0	16:58:54.410	Pivots_Daily EURUSD,H1: ObjectsRedraw Done
0	16:58:54.410	Pivots_Daily_Medians EURUSD,H1: 0
0	16:58:54.410	Pivots_Daily_Medians EURUSD,H1: ObjectSet Done
0	16:58:54.410	Pivots_Daily_Medians EURUSD,H1: ObjectMove Done
0	16:58:54.410	Pivots_Daily_Medians EURUSD,H1: ObjectsRedraw Done
0	16:58:54.471	Pivots_Daily EURUSD,H1: 0
0	16:58:54.471	Pivots_Daily EURUSD,H1: ObjectSet Done
0	16:58:54.471	Pivots_Daily EURUSD,H1: ObjectMove Done
0	16:58:54.471	Pivots_Daily EURUSD,H1: ObjectsRedraw Done
0	16:58:54.471	Pivots_Daily_Medians EURUSD,H1: 0
0	16:58:54.471	Pivots_Daily_Medians EURUSD,H1: ObjectSet Done
0	16:58:54.471	Pivots_Daily_Medians EURUSD,H1: ObjectMove Done
0	16:58:54.471	Pivots_Daily_Medians EURUSD,H1: ObjectsRedraw Done
0	16:58:55.036	Pivots_Daily EURUSD,H1: 0
0	16:58:55.036	Pivots_Daily EURUSD,H1: ObjectSet Done
0	16:58:55.036	Pivots_Daily EURUSD,H1: ObjectMove Done
0	16:58:55.036	Pivots_Daily EURUSD,H1: ObjectsRedraw Done
0	16:58:55.036	Pivots_Daily_Medians EURUSD,H1: 0
0	16:58:55.036	Pivots_Daily_Medians EURUSD,H1: ObjectSet Done
0	16:58:55.036	Pivots_Daily_Medians EURUSD,H1: ObjectMove Done
0	16:58:55.036	Pivots_Daily_Medians EURUSD,H1: ObjectsRedraw Done
0	16:58:55.098	Pivots_Daily EURUSD,H1: 0
0	16:58:55.098	Pivots_Daily EURUSD,H1: ObjectSet Done
0	16:58:55.098	Pivots_Daily EURUSD,H1: ObjectMove Done
0	16:58:55.098	Pivots_Daily EURUSD,H1: ObjectsRedraw Done
0	16:58:55.098	Pivots_Daily_Medians EURUSD,H1: 0
0	16:58:55.098	Pivots_Daily_Medians EURUSD,H1: ObjectSet Done
0	16:58:55.098	Pivots_Daily_Medians EURUSD,H1: ObjectMove Done
0	16:58:55.098	Pivots_Daily_Medians EURUSD,H1: ObjectsRedraw Done
0	16:58:55.160	Pivots_Daily EURUSD,H1: 0
0	16:58:55.160	Pivots_Daily EURUSD,H1: ObjectSet Done
0	16:58:55.160	Pivots_Daily EURUSD,H1: ObjectMove Done
0	16:58:55.160	Pivots_Daily EURUSD,H1: ObjectsRedraw Done
0	16:58:55.160	Pivots_Daily_Medians EURUSD,H1: 0
0	16:58:55.160	Pivots_Daily_Medians EURUSD,H1: ObjectSet Done
0	16:58:55.160	Pivots_Daily_Medians EURUSD,H1: ObjectMove Done
0	16:58:55.160	Pivots_Daily_Medians EURUSD,H1: ObjectsRedraw Done
0	16:58:55.175	Pivots_Daily EURUSD,H1: 0
0	16:58:55.175	Pivots_Daily EURUSD,H1: ObjectSet Done
0	16:58:55.175	Pivots_Daily EURUSD,H1: ObjectMove Done
0	16:58:55.175	Pivots_Daily EURUSD,H1: ObjectsRedraw Done
0	16:58:55.175	Pivots_Daily_Medians EURUSD,H1: 0
0	16:58:55.175	Pivots_Daily_Medians EURUSD,H1: ObjectSet Done
0	16:58:55.175	Pivots_Daily_Medians EURUSD,H1: ObjectMove Done
0	16:58:55.175	Pivots_Daily_Medians EURUSD,H1: ObjectsRedraw Done
0	16:58:55.241	Pivots_Daily EURUSD,H1: 0
0	16:58:55.241	Pivots_Daily EURUSD,H1: ObjectSet Done
0	16:58:55.241	Pivots_Daily EURUSD,H1: ObjectMove Done
0	16:58:55.241	Pivots_Daily EURUSD,H1: ObjectsRedraw Done
0	16:58:55.241	Pivots_Daily_Medians EURUSD,H1: 0
0	16:58:55.241	Pivots_Daily_Medians EURUSD,H1: ObjectSet Done
0	16:58:55.241	Pivots_Daily_Medians EURUSD,H1: ObjectMove Done
0	16:58:55.241	Pivots_Daily_Medians EURUSD,H1: ObjectsRedraw Done
0	16:58:55.303	Pivots_Daily EURUSD,H1: 0
0	16:58:55.303	Pivots_Daily EURUSD,H1: ObjectSet Done
0	16:58:55.303	Pivots_Daily EURUSD,H1: ObjectMove Done
0	16:58:55.303	Pivots_Daily EURUSD,H1: ObjectsRedraw Done
0	16:58:55.303	Pivots_Daily_Medians EURUSD,H1: 0
0	16:58:55.303	Pivots_Daily_Medians EURUSD,H1: ObjectSet Done
0	16:58:55.303	Pivots_Daily_Medians EURUSD,H1: ObjectMove Done
0	16:58:55.303	Pivots_Daily_Medians EURUSD,H1: ObjectsRedraw Done
0	16:58:55.358	Pivots_Daily EURUSD,H1: 0
0	16:58:55.358	Pivots_Daily EURUSD,H1: ObjectSet Done
0	16:58:55.358	Pivots_Daily EURUSD,H1: ObjectMove Done
0	16:58:55.358	Pivots_Daily EURUSD,H1: ObjectsRedraw Done
0	16:58:55.358	Pivots_Daily_Medians EURUSD,H1: 0
0	16:58:55.358	Pivots_Daily_Medians EURUSD,H1: ObjectSet Done
0	16:58:55.358	Pivots_Daily_Medians EURUSD,H1: ObjectMove Done
0	16:58:55.358	Pivots_Daily_Medians EURUSD,H1: ObjectsRedraw Done
0	16:58:55.412	Pivots_Daily EURUSD,H1: 0
0	16:58:55.412	Pivots_Daily EURUSD,H1: ObjectSet Done
0	16:58:55.412	Pivots_Daily EURUSD,H1: ObjectMove Done
0	16:58:55.412	Pivots_Daily EURUSD,H1: ObjectsRedraw Done
0	16:58:55.412	Pivots_Daily_Medians EURUSD,H1: 0
0	16:58:55.412	Pivots_Daily_Medians EURUSD,H1: ObjectSet Done
0	16:58:55.412	Pivots_Daily_Medians EURUSD,H1: ObjectMove Done
0	16:58:55.412	Pivots_Daily_Medians EURUSD,H1: ObjectsRedraw Done
0	16:58:56.258	Pivots_Daily EURUSD,H1: 0
0	16:58:56.258	Pivots_Daily EURUSD,H1: ObjectSet Done
0	16:58:56.258	Pivots_Daily EURUSD,H1: ObjectMove Done
0	16:58:56.258	Pivots_Daily EURUSD,H1: ObjectsRedraw Done
0	16:58:56.258	Pivots_Daily_Medians EURUSD,H1: 0
0	16:58:56.258	Pivots_Daily_Medians EURUSD,H1: ObjectSet Done
0	16:58:56.258	Pivots_Daily_Medians EURUSD,H1: ObjectMove Done
0	16:58:56.258	Pivots_Daily_Medians EURUSD,H1: ObjectsRedraw Done
0	16:58:56.331	Pivots_Daily EURUSD,H1: 0
0	16:58:56.331	Pivots_Daily EURUSD,H1: ObjectSet Done
0	16:58:56.331	Pivots_Daily EURUSD,H1: ObjectMove Done
0	16:58:56.331	Pivots_Daily EURUSD,H1: ObjectsRedraw Done
0	16:58:56.331	Pivots_Daily_Medians EURUSD,H1: 0
0	16:58:56.331	Pivots_Daily_Medians EURUSD,H1: ObjectSet Done
0	16:58:56.331	Pivots_Daily_Medians EURUSD,H1: ObjectMove Done
0	16:58:56.331	Pivots_Daily_Medians EURUSD,H1: ObjectsRedraw Done
0	16:58:56.392	Pivots_Daily EURUSD,H1: 0
0	16:58:56.392	Pivots_Daily EURUSD,H1: ObjectSet Done
0	16:58:56.392	Pivots_Daily EURUSD,H1: ObjectMove Done
0	16:58:56.392	Pivots_Daily EURUSD,H1: ObjectsRedraw Done
0	16:58:56.392	Pivots_Daily_Medians EURUSD,H1: 0
0	16:58:56.392	Pivots_Daily_Medians EURUSD,H1: ObjectSet Done
0	16:58:56.392	Pivots_Daily_Medians EURUSD,H1: ObjectMove Done
0	16:58:56.392	Pivots_Daily_Medians EURUSD,H1: ObjectsRedraw Done
0	16:58:56.452	Pivots_Daily EURUSD,H1: 0
0	16:58:56.452	Pivots_Daily EURUSD,H1: ObjectSet Done
0	16:58:56.452	Pivots_Daily EURUSD,H1: ObjectMove Done
0	16:58:56.452	Pivots_Daily EURUSD,H1: ObjectsRedraw Done
0	16:58:56.452	Pivots_Daily_Medians EURUSD,H1: 0
0	16:58:56.452	Pivots_Daily_Medians EURUSD,H1: ObjectSet Done
0	16:58:56.452	Pivots_Daily_Medians EURUSD,H1: ObjectMove Done
0	16:58:56.453	Pivots_Daily_Medians EURUSD,H1: ObjectsRedraw Done
0	16:58:57.209	Pivots_Daily EURUSD,H1: 0
0	16:58:57.209	Pivots_Daily EURUSD,H1: ObjectSet Done
0	16:58:57.209	Pivots_Daily EURUSD,H1: ObjectMove Done
0	16:58:57.209	Pivots_Daily EURUSD,H1: ObjectsRedraw Done
0	16:58:57.209	Pivots_Daily_Medians EURUSD,H1: 0
0	16:58:57.209	Pivots_Daily_Medians EURUSD,H1: ObjectSet Done
0	16:58:57.209	Pivots_Daily_Medians EURUSD,H1: ObjectMove Done
0	16:58:57.209	Pivots_Daily_Medians EURUSD,H1: ObjectsRedraw Done
0	16:58:57.364	Pivots_Daily EURUSD,H1: 0
0	16:58:57.364	Pivots_Daily EURUSD,H1: ObjectSet Done
0	16:58:57.364	Pivots_Daily EURUSD,H1: ObjectMove Done
0	16:58:57.364	Pivots_Daily EURUSD,H1: ObjectsRedraw Done
0	16:58:57.364	Pivots_Daily_Medians EURUSD,H1: 0
0	16:58:57.364	Pivots_Daily_Medians EURUSD,H1: ObjectSet Done
0	16:58:57.364	Pivots_Daily_Medians EURUSD,H1: ObjectMove Done
0	16:58:57.364	Pivots_Daily_Medians EURUSD,H1: ObjectsRedraw Done
0	16:58:58.454	Pivots_Daily EURUSD,H1: 0
0	16:58:58.455	Pivots_Daily EURUSD,H1: ObjectSet Done
0	16:58:58.455	Pivots_Daily EURUSD,H1: ObjectMove Done
0	16:58:58.455	Pivots_Daily EURUSD,H1: ObjectsRedraw Done
0	16:58:58.455	Pivots_Daily_Medians EURUSD,H1: 0
0	16:58:58.455	Pivots_Daily_Medians EURUSD,H1: ObjectSet Done
0	16:58:58.455	Pivots_Daily_Medians EURUSD,H1: ObjectMove Done
0	16:58:58.455	Pivots_Daily_Medians EURUSD,H1: ObjectsRedraw Done
0	16:58:58.985	Pivots_Daily EURUSD,H1: 0
0	16:58:58.985	Pivots_Daily EURUSD,H1: ObjectSet Done
0	16:58:58.985	Pivots_Daily EURUSD,H1: ObjectMove Done
0	16:58:58.985	Pivots_Daily EURUSD,H1: ObjectsRedraw Done
0	16:58:58.985	Pivots_Daily_Medians EURUSD,H1: 0
0	16:58:58.985	Pivots_Daily_Medians EURUSD,H1: ObjectSet Done
0	16:58:58.985	Pivots_Daily_Medians EURUSD,H1: ObjectMove Done
0	16:58:58.985	Pivots_Daily_Medians EURUSD,H1: ObjectsRedraw Done
0	16:58:59.221	Pivots_Daily EURUSD,H1: 0
0	16:58:59.221	Pivots_Daily EURUSD,H1: ObjectSet Done
0	16:58:59.221	Pivots_Daily EURUSD,H1: ObjectMove Done
0	16:58:59.221	Pivots_Daily EURUSD,H1: ObjectsRedraw Done
0	16:58:59.221	Pivots_Daily_Medians EURUSD,H1: 0
0	16:58:59.221	Pivots_Daily_Medians EURUSD,H1: ObjectSet Done
0	16:58:59.221	Pivots_Daily_Medians EURUSD,H1: ObjectMove Done
0	16:58:59.221	Pivots_Daily_Medians EURUSD,H1: ObjectsRedraw Done
0	16:59:00.253	Pivots_Daily EURUSD,H1: 0
0	16:59:00.253	Pivots_Daily EURUSD,H1: ObjectSet Done
0	16:59:00.253	Pivots_Daily EURUSD,H1: ObjectMove Done
0	16:59:00.253	Pivots_Daily EURUSD,H1: ObjectsRedraw Done
0	16:59:00.253	Pivots_Daily_Medians EURUSD,H1: 0
0	16:59:00.253	Pivots_Daily_Medians EURUSD,H1: ObjectSet Done
0	16:59:00.253	Pivots_Daily_Medians EURUSD,H1: ObjectMove Done
0	16:59:00.253	Pivots_Daily_Medians EURUSD,H1: ObjectsRedraw Done
0	16:59:01.017	Pivots_Daily EURUSD,H1: 0
0	16:59:01.017	Pivots_Daily EURUSD,H1: ObjectSet Done
0	16:59:01.017	Pivots_Daily EURUSD,H1: ObjectMove Done
0	16:59:01.017	Pivots_Daily EURUSD,H1: ObjectsRedraw Done
0	16:59:01.017	Pivots_Daily_Medians EURUSD,H1: 0
0	16:59:01.017	Pivots_Daily_Medians EURUSD,H1: ObjectSet Done
0	16:59:01.017	Pivots_Daily_Medians EURUSD,H1: ObjectMove Done
0	16:59:01.017	Pivots_Daily_Medians EURUSD,H1: ObjectsRedraw Done
0	16:59:08.455	Pivots_Daily EURUSD,H1: 0
0	16:59:08.455	Pivots_Daily EURUSD,H1: ObjectSet Done
0	16:59:08.455	Pivots_Daily EURUSD,H1: ObjectMove Done
0	16:59:08.455	Pivots_Daily EURUSD,H1: ObjectsRedraw Done
0	16:59:08.455	Pivots_Daily_Medians EURUSD,H1: 0
0	16:59:08.455	Pivots_Daily_Medians EURUSD,H1: ObjectSet Done
0	16:59:08.455	Pivots_Daily_Medians EURUSD,H1: ObjectMove Done
0	16:59:08.455	Pivots_Daily_Medians EURUSD,H1: ObjectsRedraw Done
0	16:59:09.612	Pivots_Daily EURUSD,H1: 0
0	16:59:09.612	Pivots_Daily EURUSD,H1: ObjectSet Done
0	16:59:09.612	Pivots_Daily EURUSD,H1: ObjectMove Done
0	16:59:09.612	Pivots_Daily EURUSD,H1: ObjectsRedraw Done
0	16:59:09.612	Pivots_Daily_Medians EURUSD,H1: 0
0	16:59:09.612	Pivots_Daily_Medians EURUSD,H1: ObjectSet Done
0	16:59:09.612	Pivots_Daily_Medians EURUSD,H1: ObjectMove Done
0	16:59:09.612	Pivots_Daily_Medians EURUSD,H1: ObjectsRedraw Done
0	16:59:17.220	Pivots_Daily EURUSD,H1: 0
0	16:59:17.220	Pivots_Daily EURUSD,H1: ObjectSet Done
0	16:59:17.220	Pivots_Daily EURUSD,H1: ObjectMove Done
0	16:59:17.220	Pivots_Daily EURUSD,H1: ObjectsRedraw Done
0	16:59:17.220	Pivots_Daily_Medians EURUSD,H1: 0
0	16:59:17.220	Pivots_Daily_Medians EURUSD,H1: ObjectSet Done
0	16:59:17.220	Pivots_Daily_Medians EURUSD,H1: ObjectMove Done
0	16:59:17.220	Pivots_Daily_Medians EURUSD,H1: ObjectsRedraw Done
0	16:59:25.926	Pivots_Daily EURUSD,H1: 0
0	16:59:25.926	Pivots_Daily EURUSD,H1: ObjectSet Done
0	16:59:25.926	Pivots_Daily EURUSD,H1: ObjectMove Done
0	16:59:25.926	Pivots_Daily EURUSD,H1: ObjectsRedraw Done
0	16:59:25.926	Pivots_Daily_Medians EURUSD,H1: 0
0	16:59:25.926	Pivots_Daily_Medians EURUSD,H1: ObjectSet Done
0	16:59:25.926	Pivots_Daily_Medians EURUSD,H1: ObjectMove Done
0	16:59:25.926	Pivots_Daily_Medians EURUSD,H1: ObjectsRedraw Done
0	16:59:26.003	Pivots_Daily EURUSD,H1: 0
0	16:59:26.003	Pivots_Daily EURUSD,H1: ObjectSet Done
0	16:59:26.003	Pivots_Daily EURUSD,H1: ObjectMove Done
0	16:59:26.003	Pivots_Daily EURUSD,H1: ObjectsRedraw Done
0	16:59:26.003	Pivots_Daily_Medians EURUSD,H1: 0
0	16:59:26.003	Pivots_Daily_Medians EURUSD,H1: ObjectSet Done
0	16:59:26.003	Pivots_Daily_Medians EURUSD,H1: ObjectMove Done
0	16:59:26.003	Pivots_Daily_Medians EURUSD,H1: ObjectsRedraw Done
0	16:59:28.736	Pivots_Daily EURUSD,H1: 0
0	16:59:28.736	Pivots_Daily EURUSD,H1: ObjectSet Done
0	16:59:28.736	Pivots_Daily EURUSD,H1: ObjectMove Done
0	16:59:28.736	Pivots_Daily EURUSD,H1: ObjectsRedraw Done
0	16:59:28.736	Pivots_Daily_Medians EURUSD,H1: 0
0	16:59:28.736	Pivots_Daily_Medians EURUSD,H1: ObjectSet Done
0	16:59:28.736	Pivots_Daily_Medians EURUSD,H1: ObjectMove Done
0	16:59:28.736	Pivots_Daily_Medians EURUSD,H1: ObjectsRedraw Done
0	16:59:28.813	Pivots_Daily EURUSD,H1: 0
0	16:59:28.813	Pivots_Daily EURUSD,H1: ObjectSet Done
0	16:59:28.813	Pivots_Daily EURUSD,H1: ObjectMove Done
0	16:59:28.813	Pivots_Daily EURUSD,H1: ObjectsRedraw Done
0	16:59:28.813	Pivots_Daily_Medians EURUSD,H1: 0
0	16:59:28.813	Pivots_Daily_Medians EURUSD,H1: ObjectSet Done
0	16:59:28.813	Pivots_Daily_Medians EURUSD,H1: ObjectMove Done
0	16:59:28.813	Pivots_Daily_Medians EURUSD,H1: ObjectsRedraw Done
0	16:59:30.752	Pivots_Daily EURUSD,H1: 0
0	16:59:30.752	Pivots_Daily EURUSD,H1: ObjectSet Done
0	16:59:30.752	Pivots_Daily EURUSD,H1: ObjectMove Done
0	16:59:30.752	Pivots_Daily EURUSD,H1: ObjectsRedraw Done
0	16:59:30.752	Pivots_Daily_Medians EURUSD,H1: 0
0	16:59:30.752	Pivots_Daily_Medians EURUSD,H1: ObjectSet Done
0	16:59:30.752	Pivots_Daily_Medians EURUSD,H1: ObjectMove Done
0	16:59:30.752	Pivots_Daily_Medians EURUSD,H1: ObjectsRedraw Done
0	16:59:31.703	Pivots_Daily EURUSD,H1: 0
0	16:59:31.703	Pivots_Daily EURUSD,H1: ObjectSet Done
0	16:59:31.703	Pivots_Daily EURUSD,H1: ObjectMove Done
0	16:59:31.703	Pivots_Daily EURUSD,H1: ObjectsRedraw Done
0	16:59:31.703	Pivots_Daily_Medians EURUSD,H1: 0
0	16:59:31.703	Pivots_Daily_Medians EURUSD,H1: ObjectSet Done
0	16:59:31.703	Pivots_Daily_Medians EURUSD,H1: ObjectMove Done
0	16:59:31.703	Pivots_Daily_Medians EURUSD,H1: ObjectsRedraw Done
0	16:59:31.740	Pivots_Daily EURUSD,H1: 0
0	16:59:31.740	Pivots_Daily EURUSD,H1: ObjectSet Done
0	16:59:31.740	Pivots_Daily EURUSD,H1: ObjectMove Done
0	16:59:31.740	Pivots_Daily EURUSD,H1: ObjectsRedraw Done
0	16:59:31.740	Pivots_Daily_Medians EURUSD,H1: 0
0	16:59:31.740	Pivots_Daily_Medians EURUSD,H1: ObjectSet Done
0	16:59:31.740	Pivots_Daily_Medians EURUSD,H1: ObjectMove Done
0	16:59:31.740	Pivots_Daily_Medians EURUSD,H1: ObjectsRedraw Done
0	16:59:33.516	Pivots_Daily EURUSD,H1: 0
0	16:59:33.516	Pivots_Daily EURUSD,H1: ObjectSet Done
0	16:59:33.516	Pivots_Daily EURUSD,H1: ObjectMove Done
0	16:59:33.516	Pivots_Daily EURUSD,H1: ObjectsRedraw Done
0	16:59:33.516	Pivots_Daily_Medians EURUSD,H1: 0
0	16:59:33.516	Pivots_Daily_Medians EURUSD,H1: ObjectSet Done
0	16:59:33.516	Pivots_Daily_Medians EURUSD,H1: ObjectMove Done
0	16:59:33.516	Pivots_Daily_Medians EURUSD,H1: ObjectsRedraw Done
0	16:59:33.656	Pivots_Daily EURUSD,H1: 0
0	16:59:33.656	Pivots_Daily EURUSD,H1: ObjectSet Done
0	16:59:33.656	Pivots_Daily EURUSD,H1: ObjectMove Done
0	16:59:33.656	Pivots_Daily EURUSD,H1: ObjectsRedraw Done
0	16:59:33.657	Pivots_Daily_Medians EURUSD,H1: 0
0	16:59:33.657	Pivots_Daily_Medians EURUSD,H1: ObjectSet Done
0	16:59:33.657	Pivots_Daily_Medians EURUSD,H1: ObjectMove Done
0	16:59:33.657	Pivots_Daily_Medians EURUSD,H1: ObjectsRedraw Done
0	16:59:34.189	Pivots_Daily EURUSD,H1: 0
0	16:59:34.189	Pivots_Daily EURUSD,H1: ObjectSet Done
0	16:59:34.189	Pivots_Daily EURUSD,H1: ObjectMove Done
0	16:59:34.189	Pivots_Daily EURUSD,H1: ObjectsRedraw Done
0	16:59:34.189	Pivots_Daily_Medians EURUSD,H1: 0
0	16:59:34.189	Pivots_Daily_Medians EURUSD,H1: ObjectSet Done
0	16:59:34.189	Pivots_Daily_Medians EURUSD,H1: ObjectMove Done
0	16:59:34.189	Pivots_Daily_Medians EURUSD,H1: ObjectsRedraw Done
0	16:59:34.658	Pivots_Daily EURUSD,H1: 0
0	16:59:34.658	Pivots_Daily EURUSD,H1: ObjectSet Done
0	16:59:34.658	Pivots_Daily EURUSD,H1: ObjectMove Done
0	16:59:34.658	Pivots_Daily EURUSD,H1: ObjectsRedraw Done
0	16:59:34.658	Pivots_Daily_Medians EURUSD,H1: 0
0	16:59:34.658	Pivots_Daily_Medians EURUSD,H1: ObjectSet Done
0	16:59:34.658	Pivots_Daily_Medians EURUSD,H1: ObjectMove Done
0	16:59:34.658	Pivots_Daily_Medians EURUSD,H1: ObjectsRedraw Done
0	16:59:34.783	Pivots_Daily EURUSD,H1: 0
0	16:59:34.783	Pivots_Daily EURUSD,H1: ObjectSet Done
0	16:59:34.783	Pivots_Daily EURUSD,H1: ObjectMove Done
0	16:59:34.784	Pivots_Daily EURUSD,H1: ObjectsRedraw Done
0	16:59:34.784	Pivots_Daily_Medians EURUSD,H1: 0
0	16:59:34.784	Pivots_Daily_Medians EURUSD,H1: ObjectSet Done
0	16:59:34.784	Pivots_Daily_Medians EURUSD,H1: ObjectMove Done
0	16:59:34.784	Pivots_Daily_Medians EURUSD,H1: ObjectsRedraw Done
0	16:59:34.816	Pivots_Daily EURUSD,H1: 0
0	16:59:34.816	Pivots_Daily EURUSD,H1: ObjectSet Done
0	16:59:34.816	Pivots_Daily EURUSD,H1: ObjectMove Done
0	16:59:34.816	Pivots_Daily EURUSD,H1: ObjectsRedraw Done
0	16:59:34.816	Pivots_Daily_Medians EURUSD,H1: 0
0	16:59:34.816	Pivots_Daily_Medians EURUSD,H1: ObjectSet Done
0	16:59:34.816	Pivots_Daily_Medians EURUSD,H1: ObjectMove Done
0	16:59:34.816	Pivots_Daily_Medians EURUSD,H1: ObjectsRedraw Done
0	16:59:34.955	Pivots_Daily EURUSD,H1: 0
0	16:59:34.955	Pivots_Daily EURUSD,H1: ObjectSet Done
0	16:59:34.955	Pivots_Daily EURUSD,H1: ObjectMove Done
0	16:59:34.955	Pivots_Daily EURUSD,H1: ObjectsRedraw Done
0	16:59:34.955	Pivots_Daily_Medians EURUSD,H1: 0
0	16:59:34.955	Pivots_Daily_Medians EURUSD,H1: ObjectSet Done
0	16:59:34.955	Pivots_Daily_Medians EURUSD,H1: ObjectMove Done
0	16:59:34.955	Pivots_Daily_Medians EURUSD,H1: ObjectsRedraw Done
0	16:59:37.109	Pivots_Daily EURUSD,H1: 0
0	16:59:37.109	Pivots_Daily EURUSD,H1: ObjectSet Done
0	16:59:37.109	Pivots_Daily EURUSD,H1: ObjectMove Done
0	16:59:37.109	Pivots_Daily EURUSD,H1: ObjectsRedraw Done
0	16:59:37.109	Pivots_Daily_Medians EURUSD,H1: 0
0	16:59:37.109	Pivots_Daily_Medians EURUSD,H1: ObjectSet Done
0	16:59:37.109	Pivots_Daily_Medians EURUSD,H1: ObjectMove Done
0	16:59:37.109	Pivots_Daily_Medians EURUSD,H1: ObjectsRedraw Done
0	16:59:37.381	Pivots_Daily EURUSD,H1: 0
0	16:59:37.381	Pivots_Daily EURUSD,H1: ObjectSet Done
0	16:59:37.381	Pivots_Daily EURUSD,H1: ObjectMove Done
0	16:59:37.381	Pivots_Daily EURUSD,H1: ObjectsRedraw Done
0	16:59:37.381	Pivots_Daily_Medians EURUSD,H1: 0
0	16:59:37.381	Pivots_Daily_Medians EURUSD,H1: ObjectSet Done
0	16:59:37.381	Pivots_Daily_Medians EURUSD,H1: ObjectMove Done
0	16:59:37.381	Pivots_Daily_Medians EURUSD,H1: ObjectsRedraw Done
0	17:00:11.697	Script position_sizing EURUSD,H1: loaded successfully
0	17:00:11.777	position_sizing EURUSD,H1: initialized
0	17:00:14.188	position_sizing EURUSD,H1: uninit reason 0
0	17:00:14.262	Script position_sizing EURUSD,H1: removed
0	17:02:01.066	Script position_sizing EURUSD,H1: loaded successfully
0	17:02:01.102	position_sizing EURUSD,H1: initialized
0	17:02:02.763	position_sizing EURUSD,H1: uninit reason 0
0	17:02:02.806	Script position_sizing EURUSD,H1: removed
0	17:02:34.366	Script position_sizing EURUSD,H1: loaded successfully
0	17:02:34.471	position_sizing EURUSD,H1: initialized
0	17:02:36.246	position_sizing EURUSD,H1: uninit reason 0
0	17:02:36.288	Script position_sizing EURUSD,H1: removed
0	17:02:50.104	Script position_sizing EURUSD,H1: loaded successfully
0	17:02:50.148	position_sizing EURUSD,H1: initialized
0	17:02:52.607	position_sizing EURUSD,H1: uninit reason 0
0	17:02:52.664	Script position_sizing EURUSD,H1: removed
0	17:03:21.457	Script position_sizing EURUSD,H1: loaded successfully
0	17:03:21.543	position_sizing EURUSD,H1: initialized
0	17:03:23.483	position_sizing EURUSD,H1: uninit reason 0
0	17:03:23.542	Script position_sizing EURUSD,H1: removed
0	17:03:32.470	Script position_sizing EURUSD,H1: loaded successfully
0	17:03:32.509	position_sizing EURUSD,H1: initialized
0	17:03:34.768	position_sizing EURUSD,H1: uninit reason 0
0	17:03:34.828	Script position_sizing EURUSD,H1: removed
0	17:04:01.666	Script position_sizing EURUSD,H1: loaded successfully
0	17:04:01.699	position_sizing EURUSD,H1: initialized
0	17:04:03.257	position_sizing EURUSD,H1: uninit reason 0
0	17:04:03.304	Script position_sizing EURUSD,H1: removed
0	17:04:32.624	Script position_sizing EURUSD,H1: loaded successfully
0	17:04:32.653	position_sizing EURUSD,H1: initialized
0	17:04:34.000	position_sizing EURUSD,H1: uninit reason 0
0	17:04:34.062	Script position_sizing EURUSD,H1: removed
0	17:04:44.490	Script position_sizing EURUSD,H1: loaded successfully
0	17:04:44.571	position_sizing EURUSD,H1: initialized
0	17:04:46.932	position_sizing EURUSD,H1: uninit reason 0
0	17:04:47.022	Script position_sizing EURUSD,H1: removed
0	17:05:06.137	Script position_sizing EURUSD,H1: loaded successfully
0	17:05:06.176	position_sizing EURUSD,H1: initialized
0	17:05:07.685	position_sizing EURUSD,H1: uninit reason 0
0	17:05:07.737	Script position_sizing EURUSD,H1: removed
0	17:06:56.680	Script position_sizing EURUSD,H1: loaded successfully
0	17:06:56.756	position_sizing EURUSD,H1: initialized
0	17:06:58.983	position_sizing EURUSD,H1: uninit reason 0
0	17:06:59.059	Script position_sizing EURUSD,H1: removed
0	17:15:58.826	Script position_sizing EURUSD,H1: loaded successfully
0	17:15:58.863	position_sizing EURUSD,H1: initialized
0	17:16:03.576	position_sizing EURUSD,H1: uninit reason 0
0	17:16:03.626	Script position_sizing EURUSD,H1: removed
0	17:39:51.970	Script position_sizing EURUSD,H1: loaded successfully
0	17:39:52.010	position_sizing EURUSD,H1: initialized
0	17:39:54.806	position_sizing EURUSD,H1: uninit reason 0
0	17:39:54.851	Script position_sizing EURUSD,H1: removed
0	17:42:32.815	Script position_sizing EURUSD,H1: loaded successfully
0	17:42:32.853	position_sizing EURUSD,H1: initialized
0	17:42:55.215	position_sizing EURUSD,H1: uninit reason 0
0	17:42:55.271	Script position_sizing EURUSD,H1: removed
0	17:43:07.448	Script position_sizing EURUSD,H1: loaded successfully
0	17:43:07.493	position_sizing EURUSD,H1: initialized
0	17:43:09.552	position_sizing EURUSD,H1: uninit reason 0
0	17:43:09.630	Script position_sizing EURUSD,H1: removed
0	17:43:15.124	Script position_sizing EURUSD,H1: loaded successfully
0	17:43:15.158	position_sizing EURUSD,H1: initialized
0	17:43:16.354	position_sizing EURUSD,H1: uninit reason 0
0	17:43:16.396	Script position_sizing EURUSD,H1: removed
0	17:44:22.114	Script position_sizing EURUSD,H1: loaded successfully
0	17:44:22.151	position_sizing EURUSD,H1: initialized
0	17:44:23.859	position_sizing EURUSD,H1: uninit reason 0
0	17:44:23.918	Script position_sizing EURUSD,H1: removed
0	17:48:17.454	Script position_sizing EURUSD,H1: loaded successfully
0	17:48:17.493	position_sizing EURUSD,H1: initialized
0	17:48:19.282	position_sizing EURUSD,H1: uninit reason 0
0	17:48:19.346	Script position_sizing EURUSD,H1: removed
0	17:48:28.087	Script position_sizing EURUSD,H1: loaded successfully
0	17:48:28.142	position_sizing EURUSD,H1: initialized
0	17:48:34.386	position_sizing EURUSD,H1: uninit reason 0
0	17:48:34.434	Script position_sizing EURUSD,H1: removed
0	17:48:50.011	Script position_sizing EURUSD,H1: loaded successfully
0	17:48:50.052	position_sizing EURUSD,H1: initialized
0	17:48:53.583	position_sizing EURUSD,H1: uninit reason 0
0	17:48:53.665	Script position_sizing EURUSD,H1: removed
0	17:49:02.016	Script position_sizing EURUSD,H1: loaded successfully
0	17:49:02.052	position_sizing EURUSD,H1: initialized
0	17:49:04.430	position_sizing EURUSD,H1: uninit reason 0
0	17:49:04.476	Script position_sizing EURUSD,H1: removed
0	17:51:07.899	Script position_sizing EURUSD,H1: loaded successfully
0	17:51:07.947	position_sizing EURUSD,H1: initialized
0	17:51:09.298	position_sizing EURUSD,H1: uninit reason 0
0	17:51:09.353	Script position_sizing EURUSD,H1: removed
0	17:52:54.112	Script position_sizing EURUSD,H1: loaded successfully
0	17:52:54.155	position_sizing EURUSD,H1: initialized
0	17:52:55.457	position_sizing EURUSD,H1: uninit reason 0
0	17:52:55.526	Script position_sizing EURUSD,H1: removed
0	17:53:06.088	Script position_sizing EURUSD,H1: loaded successfully
0	17:53:06.130	position_sizing EURUSD,H1: initialized
0	17:53:07.399	position_sizing EURUSD,H1: uninit reason 0
0	17:53:07.441	Script position_sizing EURUSD,H1: removed
0	17:53:17.482	Script position_sizing EURUSD,H1: loaded successfully
0	17:53:17.535	position_sizing EURUSD,H1: initialized
0	17:53:22.796	position_sizing EURUSD,H1: uninit reason 0
0	17:53:22.842	Script position_sizing EURUSD,H1: removed
0	17:54:48.008	Script position_sizing EURUSD,H1: loaded successfully
0	17:54:48.149	position_sizing EURUSD,H1: initialized
0	17:54:50.370	position_sizing EURUSD,H1: uninit reason 0
0	17:54:50.442	Script position_sizing EURUSD,H1: removed
0	17:55:22.932	Script position_sizing EURUSD,H1: loaded successfully
0	17:55:22.977	position_sizing EURUSD,H1: initialized
1	17:55:25.744	position_sizing EURUSD,H1: Abnormal termination
0	17:55:25.744	position_sizing EURUSD,H1: uninit reason 4
0	17:55:25.798	Script position_sizing EURUSD,H1: removed
0	17:55:30.153	Script position_sizing EURUSD,H1: loaded successfully
0	17:55:30.200	position_sizing EURUSD,H1: initialized
1	17:55:33.490	position_sizing EURUSD,H1: Abnormal termination
0	17:55:33.491	position_sizing EURUSD,H1: uninit reason 4
0	17:55:33.554	Script position_sizing EURUSD,H1: removed
0	17:56:35.044	Script position_sizing EURUSD,H1: loaded successfully
0	17:56:35.081	position_sizing EURUSD,H1: initialized
0	17:56:36.648	position_sizing EURUSD,H1: uninit reason 0
0	17:56:36.698	Script position_sizing EURUSD,H1: removed
0	17:57:00.888	Script position_sizing EURUSD,H1: loaded successfully
0	17:57:00.926	position_sizing EURUSD,H1: initialized
0	17:57:03.683	position_sizing EURUSD,H1: uninit reason 0
0	17:57:03.735	Script position_sizing EURUSD,H1: removed
0	17:57:09.206	Script position_sizing EURUSD,H1: loaded successfully
0	17:57:09.266	position_sizing EURUSD,H1: initialized
0	17:57:11.956	position_sizing EURUSD,H1: uninit reason 0
0	17:57:12.010	Script position_sizing EURUSD,H1: removed
0	17:57:16.006	Script position_sizing EURUSD,H1: loaded successfully
0	17:57:16.056	position_sizing EURUSD,H1: initialized
0	17:57:18.954	position_sizing EURUSD,H1: uninit reason 0
0	17:57:19.020	Script position_sizing EURUSD,H1: removed
0	17:57:59.334	Script position_sizing EURUSD,H1: loaded successfully
0	17:57:59.407	position_sizing EURUSD,H1: initialized
0	17:58:00.898	position_sizing EURUSD,H1: uninit reason 0
0	17:58:00.954	Script position_sizing EURUSD,H1: removed
0	17:58:09.139	Script position_sizing EURUSD,H1: loaded successfully
0	17:58:09.184	position_sizing EURUSD,H1: initialized
0	17:58:11.533	position_sizing EURUSD,H1: uninit reason 0
0	17:58:11.580	Script position_sizing EURUSD,H1: removed
0	17:58:43.261	Script tewst EURUSD,H1: loaded successfully
0	17:58:43.283	tewst EURUSD,H1: initialized
0	17:58:45.011	tewst EURUSD,H1: uninit reason 0
0	17:58:45.014	Script tewst EURUSD,H1: removed
0	18:02:13.942	Script position_sizing EURUSD,H1: loaded successfully
0	18:02:13.998	position_sizing EURUSD,H1: initialized
0	18:02:15.238	position_sizing EURUSD,H1: uninit reason 0
0	18:02:15.287	Script position_sizing EURUSD,H1: removed
0	18:07:44.414	Script position_sizing EURUSD,H1: loaded successfully
0	18:07:44.450	position_sizing EURUSD,H1: initialized
0	18:07:45.844	position_sizing EURUSD,H1: uninit reason 0
0	18:07:45.886	Script position_sizing EURUSD,H1: removed
0	18:12:19.997	Script position_sizing EURUSD,H1: loaded successfully
0	18:12:20.040	position_sizing EURUSD,H1: initialized
0	18:12:25.952	position_sizing EURUSD,H1: uninit reason 0
0	18:12:26.003	Script position_sizing EURUSD,H1: removed
0	18:12:45.477	Script position_sizing EURUSD,H1: loaded successfully
0	18:12:45.531	position_sizing EURUSD,H1: initialized
0	18:12:48.571	position_sizing EURUSD,H1: uninit reason 0
0	18:12:48.616	Script position_sizing EURUSD,H1: removed
0	18:13:04.557	Script position_sizing EURUSD,H1: loaded successfully
0	18:13:04.600	position_sizing EURUSD,H1: initialized
0	18:13:06.448	position_sizing EURUSD,H1: uninit reason 0
0	18:13:06.509	Script position_sizing EURUSD,H1: removed
0	18:14:35.740	Script position_sizing EURUSD,H1: loaded successfully
0	18:14:35.798	position_sizing EURUSD,H1: initialized
0	18:14:38.776	position_sizing EURUSD,H1: uninit reason 0
0	18:14:38.866	Script position_sizing EURUSD,H1: removed
0	18:15:06.540	Script position_sizing EURUSD,H1: loaded successfully
0	18:15:06.580	position_sizing EURUSD,H1: initialized
0	18:15:10.782	position_sizing EURUSD,H1: uninit reason 0
0	18:15:10.846	Script position_sizing EURUSD,H1: removed
0	18:20:00.978	Script position_sizing EURUSD,H1: loaded successfully
0	18:20:01.028	position_sizing EURUSD,H1: initialized
0	18:20:03.910	position_sizing EURUSD,H1: uninit reason 0
0	18:20:03.951	Script position_sizing EURUSD,H1: removed
0	18:20:13.148	Script position_sizing EURUSD,H1: loaded successfully
0	18:20:13.183	position_sizing EURUSD,H1: initialized
0	18:20:16.986	position_sizing EURUSD,H1: uninit reason 0
0	18:20:17.020	Script position_sizing EURUSD,H1: removed
0	18:20:32.334	Script position_sizing EURUSD,H1: loaded successfully
0	18:20:32.383	position_sizing EURUSD,H1: initialized
0	18:20:38.706	position_sizing EURUSD,H1: uninit reason 0
0	18:20:38.752	Script position_sizing EURUSD,H1: removed
0	18:22:54.091	Script position_sizing EURUSD,H1: loaded successfully
0	18:22:54.134	position_sizing EURUSD,H1: initialized
1	18:22:57.056	position_sizing EURUSD,H1: Abnormal termination
0	18:22:57.056	position_sizing EURUSD,H1: uninit reason 4
0	18:22:57.124	Script position_sizing EURUSD,H1: removed
0	18:24:16.027	Script position_sizing EURUSD,H1: loaded successfully
0	18:24:16.181	position_sizing EURUSD,H1: initialized
0	18:24:23.129	position_sizing EURUSD,H1: uninit reason 0
0	18:24:23.174	Script position_sizing EURUSD,H1: removed
0	18:25:38.786	Script position_sizing EURUSD,H1: loaded successfully
0	18:25:38.834	position_sizing EURUSD,H1: initialized
0	18:25:41.292	position_sizing EURUSD,H1: uninit reason 0
0	18:25:41.331	Script position_sizing EURUSD,H1: removed
0	18:26:01.827	Script position_sizing EURUSD,H1: loaded successfully
0	18:26:01.875	position_sizing EURUSD,H1: initialized
0	18:26:07.332	position_sizing EURUSD,H1: uninit reason 0
0	18:26:07.394	Script position_sizing EURUSD,H1: removed
0	18:28:58.229	Script position_sizing EURUSD,H1: loaded successfully
0	18:28:58.279	position_sizing EURUSD,H1: initialized
0	18:29:00.107	position_sizing EURUSD,H1: uninit reason 0
0	18:29:00.167	Script position_sizing EURUSD,H1: removed
0	18:32:28.762	Script position_sizing EURUSD,H1: loaded successfully
0	18:32:28.802	position_sizing EURUSD,H1: initialized
0	18:32:30.925	position_sizing EURUSD,H1: uninit reason 0
0	18:32:30.972	Script position_sizing EURUSD,H1: removed
0	18:36:19.946	Script position_sizing EURUSD,H1: loaded successfully
0	18:36:20.042	position_sizing EURUSD,H1: initialized
0	18:36:22.376	position_sizing EURUSD,H1: uninit reason 0
0	18:36:22.420	Script position_sizing EURUSD,H1: removed
0	18:38:36.455	Script position_sizing EURUSD,H1: loaded successfully
0	18:38:36.493	position_sizing EURUSD,H1: initialized
0	18:38:40.561	position_sizing EURUSD,H1: uninit reason 0
0	18:38:40.597	Script position_sizing EURUSD,H1: removed
0	18:38:56.994	Script position_sizing EURUSD,H1: loaded successfully
0	18:38:57.040	position_sizing EURUSD,H1: initialized
0	18:39:21.878	position_sizing EURUSD,H1: uninit reason 0
0	18:39:21.980	Script position_sizing EURUSD,H1: removed
0	18:40:31.101	Script position_sizing EURUSD,H1: loaded successfully
0	18:40:31.171	position_sizing EURUSD,H1: initialized
0	18:40:32.464	position_sizing EURUSD,H1: uninit reason 0
0	18:40:32.515	Script position_sizing EURUSD,H1: removed
0	18:40:43.730	Script position_sizing EURUSD,H1: loaded successfully
0	18:40:43.794	position_sizing EURUSD,H1: initialized
0	18:40:45.840	position_sizing EURUSD,H1: uninit reason 0
0	18:40:45.909	Script position_sizing EURUSD,H1: removed
0	18:41:04.522	Script position_sizing EURUSD,H1: loaded successfully
0	18:41:04.615	position_sizing EURUSD,H1: initialized
1	18:41:17.103	position_sizing EURUSD,H1: Abnormal termination
0	18:41:17.103	position_sizing EURUSD,H1: uninit reason 4
0	18:41:17.135	Script position_sizing EURUSD,H1: removed
0	18:42:46.376	Script position_sizing EURUSD,H1: loaded successfully
0	18:42:46.409	position_sizing EURUSD,H1: initialized
0	18:42:48.652	position_sizing EURUSD,H1: uninit reason 0
0	18:42:48.708	Script position_sizing EURUSD,H1: removed
0	18:42:58.775	Script position_sizing EURUSD,H1: loaded successfully
0	18:42:58.809	position_sizing EURUSD,H1: initialized
0	18:43:01.123	position_sizing EURUSD,H1: uninit reason 0
0	18:43:01.172	Script position_sizing EURUSD,H1: removed
0	18:43:10.433	Script position_sizing EURUSD,H1: loaded successfully
0	18:43:10.472	position_sizing EURUSD,H1: initialized
0	18:43:11.882	position_sizing EURUSD,H1: uninit reason 0
0	18:43:11.932	Script position_sizing EURUSD,H1: removed
0	18:43:17.139	Script position_sizing EURUSD,H1: loaded successfully
0	18:43:17.207	position_sizing EURUSD,H1: initialized
0	18:43:18.182	position_sizing EURUSD,H1: uninit reason 0
0	18:43:18.243	Script position_sizing EURUSD,H1: removed
0	18:43:26.925	Script position_sizing EURUSD,H1: loaded successfully
0	18:43:26.994	position_sizing EURUSD,H1: initialized
0	18:43:28.383	position_sizing EURUSD,H1: uninit reason 0
0	18:43:28.440	Script position_sizing EURUSD,H1: removed
0	18:43:44.007	Script position_sizing EURUSD,H1: loaded successfully
0	18:43:44.054	position_sizing EURUSD,H1: initialized
0	18:43:45.633	position_sizing EURUSD,H1: uninit reason 0
0	18:43:45.690	Script position_sizing EURUSD,H1: removed
0	18:44:00.139	Script position_sizing EURUSD,H1: loaded successfully
0	18:44:00.213	position_sizing EURUSD,H1: initialized
0	18:44:02.578	position_sizing EURUSD,H1: uninit reason 0
0	18:44:02.642	Script position_sizing EURUSD,H1: removed
0	18:44:38.625	Script position_sizing EURUSD,H1: loaded successfully
0	18:44:38.728	position_sizing EURUSD,H1: initialized
0	18:44:40.940	position_sizing EURUSD,H1: uninit reason 0
0	18:44:40.980	Script position_sizing EURUSD,H1: removed
0	18:46:07.207	Script position_sizing EURUSD,H1: loaded successfully
0	18:46:07.259	position_sizing EURUSD,H1: initialized
0	18:46:08.448	position_sizing EURUSD,H1: uninit reason 0
0	18:46:08.488	Script position_sizing EURUSD,H1: removed
0	18:46:22.133	Script position_sizing EURUSD,H1: loaded successfully
0	18:46:22.167	position_sizing EURUSD,H1: initialized
0	18:46:26.661	position_sizing EURUSD,H1: uninit reason 0
0	18:46:26.713	Script position_sizing EURUSD,H1: removed
0	18:46:42.201	Script position_sizing EURUSD,H1: loaded successfully
0	18:46:42.261	position_sizing EURUSD,H1: initialized
0	18:46:45.773	position_sizing EURUSD,H1: uninit reason 0
0	18:46:45.832	Script position_sizing EURUSD,H1: removed
0	18:46:48.877	Script position_sizing EURUSD,H1: loaded successfully
0	18:46:48.939	position_sizing EURUSD,H1: initialized
0	18:46:50.515	position_sizing EURUSD,H1: uninit reason 0
0	18:46:50.559	Script position_sizing EURUSD,H1: removed
0	18:47:30.022	Script position_sizing EURUSD,H1: loaded successfully
0	18:47:30.084	position_sizing EURUSD,H1: initialized
0	18:47:31.602	position_sizing EURUSD,H1: uninit reason 0
0	18:47:31.645	Script position_sizing EURUSD,H1: removed
0	18:47:37.527	Script position_sizing EURUSD,H1: loaded successfully
0	18:47:37.571	position_sizing EURUSD,H1: initialized
0	18:47:40.196	position_sizing EURUSD,H1: uninit reason 0
0	18:47:40.283	Script position_sizing EURUSD,H1: removed
0	18:50:10.502	Script position_sizing EURUSD,H1: loaded successfully
0	18:50:10.541	position_sizing EURUSD,H1: initialized
0	18:50:58.646	position_sizing EURUSD,H1: uninit reason 0
0	18:50:58.722	Script position_sizing EURUSD,H1: removed
0	18:51:35.173	Script position_sizing EURUSD,H1: loaded successfully
0	18:51:35.213	position_sizing EURUSD,H1: initialized
0	18:51:57.336	position_sizing EURUSD,H1: uninit reason 0
0	18:51:57.380	Script position_sizing EURUSD,H1: removed
0	18:52:59.819	Script position_sizing EURUSD,H1: loaded successfully
0	18:52:59.857	position_sizing EURUSD,H1: initialized
0	18:53:07.407	position_sizing EURUSD,H1: uninit reason 0
0	18:53:07.486	Script position_sizing EURUSD,H1: removed
0	18:53:45.360	Script position_sizing EURUSD,H1: loaded successfully
0	18:53:45.404	position_sizing EURUSD,H1: initialized
0	18:53:48.628	position_sizing EURUSD,H1: uninit reason 0
0	18:53:48.709	Script position_sizing EURUSD,H1: removed
0	18:54:48.375	Script position_sizing EURUSD,H1: loaded successfully
0	18:54:48.432	position_sizing EURUSD,H1: initialized
0	18:54:52.075	position_sizing EURUSD,H1: uninit reason 0
0	18:54:52.121	Script position_sizing EURUSD,H1: removed
0	18:59:23.322	Script position_sizing EURUSD,H1: loaded successfully
0	18:59:23.367	position_sizing EURUSD,H1: initialized
0	18:59:24.586	position_sizing EURUSD,H1: uninit reason 0
0	18:59:24.647	Script position_sizing EURUSD,H1: removed
0	19:00:03.420	Script position_sizing EURUSD,H1: loaded successfully
0	19:00:03.461	position_sizing EURUSD,H1: initialized
0	19:00:05.201	position_sizing EURUSD,H1: uninit reason 0
0	19:00:05.246	Script position_sizing EURUSD,H1: removed
0	19:00:49.784	Script position_sizing EURUSD,H1: loaded successfully
0	19:00:49.839	position_sizing EURUSD,H1: initialized
0	19:01:06.792	position_sizing EURUSD,H1: uninit reason 0
0	19:01:06.831	Script position_sizing EURUSD,H1: removed
0	19:01:53.423	Script position_sizing EURUSD,H1: loaded successfully
0	19:01:53.472	position_sizing EURUSD,H1: initialized
0	19:01:54.899	position_sizing EURUSD,H1: uninit reason 0
0	19:01:54.955	Script position_sizing EURUSD,H1: removed
0	19:02:11.154	Script position_sizing EURUSD,H1: loaded successfully
0	19:02:11.193	position_sizing EURUSD,H1: initialized
0	19:02:13.341	position_sizing EURUSD,H1: uninit reason 0
0	19:02:13.379	Script position_sizing EURUSD,H1: removed
0	19:02:19.085	Script position_sizing EURUSD,H1: loaded successfully
0	19:02:19.135	position_sizing EURUSD,H1: initialized
0	19:02:21.251	position_sizing EURUSD,H1: uninit reason 0
0	19:02:21.298	Script position_sizing EURUSD,H1: removed
0	19:02:32.564	Script position_sizing EURUSD,H1: loaded successfully
0	19:02:32.633	position_sizing EURUSD,H1: initialized
0	19:02:36.806	position_sizing EURUSD,H1: uninit reason 0
0	19:02:36.863	Script position_sizing EURUSD,H1: removed
0	19:03:47.244	Script position_sizing EURUSD,H1: loaded successfully
0	19:03:47.292	position_sizing EURUSD,H1: initialized
0	19:03:48.446	position_sizing EURUSD,H1: uninit reason 0
0	19:03:48.489	Script position_sizing EURUSD,H1: removed
0	19:04:32.870	Script position_sizing EURUSD,H1: loaded successfully
0	19:04:32.912	position_sizing EURUSD,H1: initialized
0	19:04:34.419	position_sizing EURUSD,H1: uninit reason 0
0	19:04:34.470	Script position_sizing EURUSD,H1: removed
0	19:05:11.156	Script position_sizing EURUSD,H1: loaded successfully
0	19:05:11.201	position_sizing EURUSD,H1: initialized
0	19:05:14.644	position_sizing EURUSD,H1: uninit reason 0
0	19:05:14.680	Script position_sizing EURUSD,H1: removed
0	19:05:17.811	Script position_sizing EURUSD,H1: loaded successfully
0	19:05:17.847	position_sizing EURUSD,H1: initialized
0	19:05:28.923	position_sizing EURUSD,H1: uninit reason 0
0	19:05:28.968	Script position_sizing EURUSD,H1: removed
0	19:09:12.110	Script position_sizing EURUSD,H1: loaded successfully
0	19:09:12.147	position_sizing EURUSD,H1: initialized
0	19:09:13.708	position_sizing EURUSD,H1: uninit reason 0
0	19:09:13.754	Script position_sizing EURUSD,H1: removed
0	19:15:09.174	Script position_sizing EURUSD,H1: loaded successfully
0	19:15:09.215	position_sizing EURUSD,H1: initialized
0	19:15:14.432	position_sizing EURUSD,H1: uninit reason 0
0	19:15:14.473	Script position_sizing EURUSD,H1: removed
0	19:17:03.191	Script position_sizing EURUSD,H1: loaded successfully
0	19:17:03.229	position_sizing EURUSD,H1: initialized
0	19:17:05.140	position_sizing EURUSD,H1: uninit reason 0
0	19:17:05.181	Script position_sizing EURUSD,H1: removed
0	19:18:18.464	Script position_sizing EURUSD,H1: loaded successfully
0	19:18:18.581	position_sizing EURUSD,H1: initialized
0	19:18:20.794	position_sizing EURUSD,H1: uninit reason 0
0	19:18:20.837	Script position_sizing EURUSD,H1: removed
0	19:19:23.602	Script position_sizing EURUSD,H1: loaded successfully
0	19:19:23.762	position_sizing EURUSD,H1: initialized
0	19:19:35.743	position_sizing EURUSD,H1: uninit reason 0
0	19:19:35.794	Script position_sizing EURUSD,H1: removed
0	19:22:04.376	Script position_sizing EURUSD,H1: loaded successfully
0	19:22:04.458	position_sizing EURUSD,H1: initialized
0	19:22:05.820	position_sizing EURUSD,H1: uninit reason 0
0	19:22:05.861	Script position_sizing EURUSD,H1: removed
0	19:23:29.994	Script position_sizing EURUSD,H1: loaded successfully
0	19:23:30.063	position_sizing EURUSD,H1: initialized
0	19:23:34.255	position_sizing EURUSD,H1: uninit reason 0
0	19:23:34.315	Script position_sizing EURUSD,H1: removed
0	19:26:01.289	Script position_sizing EURUSD,H1: loaded successfully
0	19:26:01.363	position_sizing EURUSD,H1: initialized
0	19:26:04.283	position_sizing EURUSD,H1: uninit reason 0
0	19:26:04.325	Script position_sizing EURUSD,H1: removed
0	19:27:17.723	Script position_sizing EURUSD,H1: loaded successfully
0	19:27:17.762	position_sizing EURUSD,H1: initialized
0	19:27:19.697	position_sizing EURUSD,H1: uninit reason 0
0	19:27:19.761	Script position_sizing EURUSD,H1: removed
0	19:30:09.011	Script position_sizing EURUSD,H1: loaded successfully
0	19:30:09.066	position_sizing EURUSD,H1: initialized
0	19:30:11.726	position_sizing EURUSD,H1: uninit reason 0
0	19:30:11.772	Script position_sizing EURUSD,H1: removed
0	19:30:46.225	Script position_sizing EURUSD,H1: loaded successfully
0	19:30:46.277	position_sizing EURUSD,H1: initialized
0	19:30:47.824	position_sizing EURUSD,H1: uninit reason 0
0	19:30:47.871	Script position_sizing EURUSD,H1: removed
0	19:31:57.994	Script position_sizing EURUSD,H1: loaded successfully
0	19:31:58.032	position_sizing EURUSD,H1: initialized
0	19:32:06.400	position_sizing EURUSD,H1: uninit reason 0
0	19:32:06.470	Script position_sizing EURUSD,H1: removed
0	19:36:14.168	Script position_sizing EURUSD,H1: loaded successfully
0	19:36:14.281	position_sizing EURUSD,H1: initialized
0	19:36:36.125	position_sizing EURUSD,H1: uninit reason 0
0	19:36:36.189	Script position_sizing EURUSD,H1: removed
0	19:38:53.336	Script position_sizing EURUSD,H1: loaded successfully
0	19:38:53.378	position_sizing EURUSD,H1: initialized
0	19:38:55.115	position_sizing EURUSD,H1: uninit reason 0
0	19:38:55.180	Script position_sizing EURUSD,H1: removed
0	19:39:24.970	Script position_sizing EURUSD,H1: loaded successfully
0	19:39:25.013	position_sizing EURUSD,H1: initialized
0	19:39:28.445	position_sizing EURUSD,H1: uninit reason 0
0	19:39:28.494	Script position_sizing EURUSD,H1: removed
0	19:41:34.182	Script position_sizing EURUSD,H1: loaded successfully
0	19:41:34.243	position_sizing EURUSD,H1: initialized
0	19:41:34.243	position_sizing EURUSD,H1: uninit reason 0
0	19:41:34.296	Script position_sizing EURUSD,H1: removed
0	19:41:41.675	Script position_sizing EURUSD,H1: loaded successfully
0	19:41:41.800	position_sizing EURUSD,H1: initialized
0	19:41:44.039	position_sizing EURUSD,H1: uninit reason 0
0	19:41:44.099	Script position_sizing EURUSD,H1: removed
0	19:41:57.758	Script position_sizing EURUSD,H1: loaded successfully
0	19:41:57.797	position_sizing EURUSD,H1: initialized
0	19:41:59.997	position_sizing EURUSD,H1: uninit reason 0
0	19:42:00.048	Script position_sizing EURUSD,H1: removed
0	19:42:10.034	Script position_sizing EURUSD,H1: loaded successfully
0	19:42:10.076	position_sizing EURUSD,H1: initialized
0	19:42:12.259	position_sizing EURUSD,H1: uninit reason 0
0	19:42:12.321	Script position_sizing EURUSD,H1: removed
0	19:42:18.873	Script position_sizing EURUSD,H1: loaded successfully
0	19:42:18.920	position_sizing EURUSD,H1: initialized
0	19:42:21.924	position_sizing EURUSD,H1: uninit reason 0
0	19:42:21.986	Script position_sizing EURUSD,H1: removed
0	19:42:51.795	Script position_sizing EURUSD,H1: loaded successfully
0	19:42:51.847	position_sizing EURUSD,H1: initialized
0	19:42:53.392	position_sizing EURUSD,H1: uninit reason 0
0	19:42:53.431	Script position_sizing EURUSD,H1: removed
0	19:47:30.752	Script position_sizing EURUSD,H1: loaded successfully
0	19:47:30.785	position_sizing EURUSD,H1: initialized
0	19:47:32.918	position_sizing EURUSD,H1: uninit reason 0
0	19:47:32.957	Script position_sizing EURUSD,H1: removed
0	19:49:26.093	Script position_sizing EURUSD,H1: loaded successfully
0	19:49:26.133	position_sizing EURUSD,H1: initialized
0	19:49:28.186	position_sizing EURUSD,H1: uninit reason 0
0	19:49:28.238	Script position_sizing EURUSD,H1: removed
0	19:50:43.858	Script position_sizing EURUSD,H1: loaded successfully
0	19:50:43.897	position_sizing EURUSD,H1: initialized
0	19:50:52.757	position_sizing EURUSD,H1: uninit reason 0
0	19:50:52.812	Script position_sizing EURUSD,H1: removed
0	19:51:48.807	Script position_sizing EURUSD,H1: loaded successfully
0	19:51:48.847	position_sizing EURUSD,H1: initialized
0	19:51:50.482	position_sizing EURUSD,H1: uninit reason 0
0	19:51:50.524	Script position_sizing EURUSD,H1: removed
0	19:51:57.862	Script position_sizing EURUSD,H1: loaded successfully
0	19:51:57.914	position_sizing EURUSD,H1: initialized
1	19:52:02.545	position_sizing EURUSD,H1: Abnormal termination
0	19:52:02.545	position_sizing EURUSD,H1: uninit reason 4
0	19:52:02.601	Script position_sizing EURUSD,H1: removed
