0	10:54:40.276	tpCalculator EURUSD,H1: uninit reason 9
0	10:54:40.540	Expert tpCalculator EURUSD,H1: removed
0	12:57:05.789	Expert tpCalculator EURUSD,H1: loaded successfully
0	12:57:10.389	tpCalculator EURUSD,H1: initialized
0	12:57:22.469	Script Management -DeleteLevels EURUSD,H1: loaded successfully
0	12:57:22.501	Management -DeleteLevels EURUSD,H1: initialized
0	12:57:22.503	Management -DeleteLevels EURUSD,H1: uninit reason 0
0	12:57:22.506	Script Management -DeleteLevels EURUSD,H1: removed
0	12:57:25.887	Script Management -SetLevels EURUSD,H1: loaded successfully
0	12:57:25.917	Management -SetLevels EURUSD,H1: initialized
0	12:57:25.917	Management -SetLevels EURUSD,H1: uninit reason 0
0	12:57:25.922	Script Management -SetLevels EURUSD,H1: removed
0	12:57:38.590	Script Orders - PlaceOrder EURUSD,H1: loaded successfully
0	12:57:38.619	Orders - PlaceOrder EURUSD,H1: initialized
0	12:57:38.619	Orders - PlaceOrder EURUSD,H1: uninit reason 0
0	12:57:38.623	Script Orders - PlaceOrder EURUSD,H1: removed
0	12:57:44.018	Script Orders - PlaceOrder EURUSD,H1: loaded successfully
0	12:57:44.048	Orders - PlaceOrder EURUSD,H1: initialized
0	12:57:44.048	Orders - PlaceOrder EURUSD,H1: uninit reason 0
0	12:57:44.051	Script Orders - PlaceOrder EURUSD,H1: removed
0	12:57:59.947	Script Orders - PlaceOrder EURUSD,H1: loaded successfully
0	12:57:59.973	Orders - PlaceOrder EURUSD,H1: initialized
0	12:57:59.973	Orders - PlaceOrder EURUSD,H1: uninit reason 0
0	12:57:59.976	Script Orders - PlaceOrder EURUSD,H1: removed
0	12:58:04.483	Script Orders - PlaceOrder EURUSD,H1: loaded successfully
0	12:58:04.509	Orders - PlaceOrder EURUSD,H1: initialized
0	12:58:04.510	Orders - PlaceOrder EURUSD,H1: uninit reason 0
0	12:58:04.514	Script Orders - PlaceOrder EURUSD,H1: removed
0	12:58:05.282	Script Orders - PlaceOrder EURUSD,H1: loaded successfully
0	12:58:05.312	Orders - PlaceOrder EURUSD,H1: initialized
0	12:58:05.313	Orders - PlaceOrder EURUSD,H1: uninit reason 0
0	12:58:05.317	Script Orders - PlaceOrder EURUSD,H1: removed
0	12:58:05.525	Script Orders - PlaceOrder EURUSD,H1: loaded successfully
0	12:58:05.559	Orders - PlaceOrder EURUSD,H1: initialized
0	12:58:05.559	Orders - PlaceOrder EURUSD,H1: uninit reason 0
0	12:58:05.563	Script Orders - PlaceOrder EURUSD,H1: removed
0	12:58:11.963	Script Orders - PlaceOrder EURUSD,H1: loaded successfully
0	12:58:11.989	Orders - PlaceOrder EURUSD,H1: initialized
0	12:58:11.989	Orders - PlaceOrder EURUSD,H1: uninit reason 0
0	12:58:11.994	Script Orders - PlaceOrder EURUSD,H1: removed
0	12:58:46.272	Script Orders - PlaceOrder EURUSD,H1: loaded successfully
0	12:58:46.314	Orders - PlaceOrder EURUSD,H1: initialized
0	12:58:48.303	Orders - PlaceOrder EURUSD,H1: uninit reason 0
0	12:58:48.306	Script Orders - PlaceOrder EURUSD,H1: removed
0	12:59:01.144	Script Orders - PlaceOrder EURUSD,H1: loaded successfully
0	12:59:01.166	Orders - PlaceOrder EURUSD,H1: initialized
0	12:59:02.733	Orders - PlaceOrder EURUSD,H1: uninit reason 0
0	12:59:02.737	Script Orders - PlaceOrder EURUSD,H1: removed
0	12:59:45.981	Script Orders - PlaceOrder EURUSD,H1: loaded successfully
0	12:59:46.015	Orders - PlaceOrder EURUSD,H1: initialized
0	12:59:55.367	Orders - PlaceOrder EURUSD,H1: uninit reason 0
0	12:59:55.371	Script Orders - PlaceOrder EURUSD,H1: removed
0	13:00:32.247	Script Orders - PlaceOrder EURUSD,H1: loaded successfully
0	13:00:32.272	Orders - PlaceOrder EURUSD,H1: initialized
0	13:00:55.720	Orders - PlaceOrder EURUSD,H1: uninit reason 0
0	13:00:55.723	Script Orders - PlaceOrder EURUSD,H1: removed
0	13:01:13.314	Script Orders - PlaceOrder EURUSD,H1: loaded successfully
0	13:01:13.338	Orders - PlaceOrder EURUSD,H1: initialized
0	13:01:18.960	Orders - PlaceOrder EURUSD,H1: uninit reason 0
0	13:01:18.963	Script Orders - PlaceOrder EURUSD,H1: removed
0	13:01:57.010	Script Orders - PlaceOrder EURUSD,H1: loaded successfully
0	13:01:57.034	Orders - PlaceOrder EURUSD,H1: initialized
2	13:01:57.243	Orders - PlaceOrder EURUSD,H1: open #23020416 sell 7.54 EURUSD at 1.11572 sl: 1.11672 tp: 1.11348 ok
2	13:01:57.510	tpCalculator EURUSD,H1: modify #23020416 sell 7.54 EURUSD at 1.11572 sl: 1.11658 tp: 1.11334 ok
0	13:02:07.163	Orders - PlaceOrder EURUSD,H1: uninit reason 0
0	13:02:07.185	Script Orders - PlaceOrder EURUSD,H1: removed
0	14:44:38.365	Script Management -DeleteLevels EURUSD,H1: loaded successfully
0	14:44:38.387	Management -DeleteLevels EURUSD,H1: initialized
0	14:44:38.387	Management -DeleteLevels EURUSD,H1: uninit reason 0
0	14:44:38.390	Script Management -DeleteLevels EURUSD,H1: removed
0	14:45:01.855	tpCalculator EURUSD,H1: uninit reason 9
0	14:45:02.013	Expert tpCalculator EURUSD,H1: removed
